<?xml version="1.0" encoding="UTF-8"?>
<testsuite xmlns:xsi="http://www.w3.org/2001/XMLSchema-instance" xsi:noNamespaceSchemaLocation="https://maven.apache.org/surefire/maven-surefire-plugin/xsd/surefire-test-report-3.0.xsd" version="3.0" name="karate.ExamplesTest" time="55.934" tests="1" errors="0" skipped="0" failures="0">
  <properties>
[...]
</properties>
  <testcase name="testParallel" classname="karate.ExamplesTest" time="55.911">
    <system-out><![CDATA[01:56:22.563 [main] INFO  com.intuit.karate.Runner - using system property 'karate.env': desa
01:56:23.461 [main] DEBUG com.intuit.karate.Suite - [config] classpath:karate-config.js
01:56:23.473 [main] WARN  com.intuit.karate.Suite - failed to backup existing dir: target\karate-reports
01:56:23.484 [main] DEBUG com.intuit.karate.Suite - waiting for 20 features to complete
01:56:25.870 [pool-2-thread-2] DEBUG com.intuit.karate - request:
1 > POST https://api01-siasis-dev.vercel.app/api/login/directivo
1 > Content-Type: application/json; charset=UTF-8
1 > Content-Length: 64
1 > Host: api01-siasis-dev.vercel.app
1 > Connection: Keep-Alive
1 > User-Agent: Apache-HttpClient/4.5.14 (Java/17.0.12)
1 > Accept-Encoding: gzip,deflate
{
  "Nombre_Usuario": "director.asuncion8",
  "Contraseña": "15430124"
}


01:56:25.870 [pool-2-thread-5] DEBUG com.intuit.karate - request:
1 > POST https://api01-siasis-dev.vercel.app/api/login/directivo
1 > Content-Type: application/json; charset=UTF-8
1 > Content-Length: 64
1 > Host: api01-siasis-dev.vercel.app
1 > Connection: Keep-Alive
1 > User-Agent: Apache-HttpClient/4.5.14 (Java/17.0.12)
1 > Accept-Encoding: gzip,deflate
{
  "Nombre_Usuario": "director.asuncion8",
  "Contraseña": "15430124"
}


01:56:25.870 [pool-2-thread-4] DEBUG com.intuit.karate - request:
1 > POST https://api01-siasis-dev.vercel.app/api/login/directivo
1 > Content-Type: application/json; charset=UTF-8
1 > Content-Length: 64
1 > Host: api01-siasis-dev.vercel.app
1 > Connection: Keep-Alive
1 > User-Agent: Apache-HttpClient/4.5.14 (Java/17.0.12)
1 > Accept-Encoding: gzip,deflate
{
  "Nombre_Usuario": "director.asuncion8",
  "Contraseña": "15430124"
}


01:56:25.870 [pool-2-thread-3] DEBUG com.intuit.karate - request:
1 > POST https://api01-siasis-dev.vercel.app/api/login/directivo
1 > Content-Type: application/json; charset=UTF-8
1 > Content-Length: 64
1 > Host: api01-siasis-dev.vercel.app
1 > Connection: Keep-Alive
1 > User-Agent: Apache-HttpClient/4.5.14 (Java/17.0.12)
1 > Accept-Encoding: gzip,deflate
{
  "Nombre_Usuario": "director.asuncion8",
  "Contraseña": "15430124"
}


01:56:25.870 [pool-2-thread-1] DEBUG com.intuit.karate - request:
1 > POST https://api01-siasis-dev.vercel.app/api/login/directivo
1 > Content-Type: application/json; charset=UTF-8
1 > Content-Length: 64
1 > Host: api01-siasis-dev.vercel.app
1 > Connection: Keep-Alive
1 > User-Agent: Apache-HttpClient/4.5.14 (Java/17.0.12)
1 > Accept-Encoding: gzip,deflate
{
  "Nombre_Usuario": "director.asuncion8",
  "Contraseña": "15430124"
}


01:56:27.618 [pool-2-thread-5] DEBUG com.intuit.karate - response time in milliseconds: 1741
1 < 200
1 < Access-Control-Allow-Origin: *
1 < Cache-Control: public, max-age=0, must-revalidate
1 < Content-Length: 509
1 < Content-Type: application/json; charset=utf-8
1 < Date: Tue, 08 Jul 2025 06:56:18 GMT
1 < Etag: W/"1fd-maY3GRCmpYmSnuYVGn6wPW5eogg"
1 < Server: Vercel
1 < Strict-Transport-Security: max-age=63072000; includeSubDomains; preload
1 < X-Powered-By: Express
1 < X-Vercel-Cache: MISS
1 < X-Vercel-Id: gru1::iad1::lrpdm-1751957776990-1d52c3fb7b7b
{
  "success": true,
  "message": "Inicio de sesión exitoso",
  "data": {
    "Apellidos": "Cullanco Espilco",
    "Nombres": "Elena Serafina",
    "Rol": "D",
    "token": "eyJhbGciOiJIUzI1NiIsInR5cCI6IkpXVCJ9.eyJJRF9Vc3VhcmlvIjoiMSIsIk5vbWJyZV9Vc3VhcmlvIjoiZGlyZWN0b3IuYXN1bmNpb244IiwiUkRQMDJfSU5TVEFOQ0UiOiJSRFAwMl9JTlMzIiwiUkRQMDNfSU5TVEFOQ0UiOiJSRFAwM19JTlMxIiwiUm9sIjoiRCIsImlhdCI6MTc1MTk1Nzc3OCwiZXhwIjoxNzUxOTc1Nzc4fQ.zgiMk5F975DPeJHbZbutUWokgz3NCaykbTowj4bUGSk",
    "Google_Drive_Foto_ID": "1pMkv-ba_T2mBKxjp_zBTZtgWEjwxPxdu",
    "Genero": "F"
  }
}


01:56:27.655 [pool-2-thread-5] INFO  com.intuit.karate - [print] eyJhbGciOiJIUzI1NiIsInR5cCI6IkpXVCJ9.eyJJRF9Vc3VhcmlvIjoiMSIsIk5vbWJyZV9Vc3VhcmlvIjoiZGlyZWN0b3IuYXN1bmNpb244IiwiUkRQMDJfSU5TVEFOQ0UiOiJSRFAwMl9JTlMzIiwiUkRQMDNfSU5TVEFOQ0UiOiJSRFAwM19JTlMxIiwiUm9sIjoiRCIsImlhdCI6MTc1MTk1Nzc3OCwiZXhwIjoxNzUxOTc1Nzc4fQ.zgiMk5F975DPeJHbZbutUWokgz3NCaykbTowj4bUGSk 
01:56:27.660 [pool-2-thread-5] INFO  com.intuit.karate - [print] D 
01:56:27.673 [pool-2-thread-5] DEBUG com.intuit.karate - request:
1 > POST https://siasis-dev.vercel.app/api/auth/login
1 > Content-Type: application/json; charset=UTF-8
1 > Content-Length: 447
1 > Host: siasis-dev.vercel.app
1 > Connection: Keep-Alive
1 > User-Agent: Apache-HttpClient/4.5.14 (Java/17.0.12)
1 > Accept-Encoding: gzip,deflate
{
  "Nombres": "Elena Serafina",
  "Apellidos": "Cullanco Espilco",
  "token": "eyJhbGciOiJIUzI1NiIsInR5cCI6IkpXVCJ9.eyJJRF9Vc3VhcmlvIjoiMSIsIk5vbWJyZV9Vc3VhcmlvIjoiZGlyZWN0b3IuYXN1bmNpb244IiwiUkRQMDJfSU5TVEFOQ0UiOiJSRFAwMl9JTlMzIiwiUkRQMDNfSU5TVEFOQ0UiOiJSRFAwM19JTlMxIiwiUm9sIjoiRCIsImlhdCI6MTc1MTk1Nzc3OCwiZXhwIjoxNzUxOTc1Nzc4fQ.zgiMk5F975DPeJHbZbutUWokgz3NCaykbTowj4bUGSk",
  "Genero": "F",
  "Google_Drive_Foto_ID": "1pMkv-ba_T2mBKxjp_zBTZtgWEjwxPxdu",
  "Rol": "D"
}


01:56:28.229 [pool-2-thread-5] DEBUG com.intuit.karate - response time in milliseconds: 549
1 < 201
1 < Cache-Control: public, max-age=0, must-revalidate
1 < Content-Length: 0
1 < Date: Tue, 08 Jul 2025 06:56:18 GMT
1 < Server: Vercel
1 < Set-Cookie: Nombres=Elena%20Serafina; Max-Age=18000; Path=/; HttpOnly; Secure; SameSite=Lax
1 < Set-Cookie: Apellidos=Cullanco%20Espilco; Max-Age=18000; Path=/; HttpOnly; Secure; SameSite=Lax
1 < Set-Cookie: Rol=D; Max-Age=18000; Path=/; HttpOnly; Secure; SameSite=Lax
1 < Set-Cookie: token=eyJhbGciOiJIUzI1NiIsInR5cCI6IkpXVCJ9.eyJJRF9Vc3VhcmlvIjoiMSIsIk5vbWJyZV9Vc3VhcmlvIjoiZGlyZWN0b3IuYXN1bmNpb244IiwiUkRQMDJfSU5TVEFOQ0UiOiJSRFAwMl9JTlMzIiwiUkRQMDNfSU5TVEFOQ0UiOiJSRFAwM19JTlMxIiwiUm9sIjoiRCIsImlhdCI6MTc1MTk1Nzc3OCwiZXhwIjoxNzUxOTc1Nzc4fQ.zgiMk5F975DPeJHbZbutUWokgz3NCaykbTowj4bUGSk; Max-Age=18000; Path=/; HttpOnly; Secure; SameSite=Lax
1 < Set-Cookie: Genero=F; Max-Age=18000; Path=/; HttpOnly; Secure; SameSite=Lax
1 < Set-Cookie: Google_Drive_Foto_ID=1pMkv-ba_T2mBKxjp_zBTZtgWEjwxPxdu; Max-Age=18000; Path=/; HttpOnly; Secure; SameSite=Lax
1 < Strict-Transport-Security: max-age=63072000; includeSubDomains; preload
1 < Vary: RSC, Next-Router-State-Tree, Next-Router-Prefetch, Next-Router-Segment-Prefetch
1 < X-Matched-Path: /api/auth/login
1 < X-Vercel-Cache: MISS
1 < X-Vercel-Id: gru1::iad1::bdvft-1751957778548-641c13d49a62


01:56:28.440 [pool-2-thread-5] DEBUG com.intuit.karate - request:
1 > POST https://siasis-dev.vercel.app/api/asistencia-hoy/marcar
1 > Cookie: Apellidos=Cullanco%20Espilco; Google_Drive_Foto_ID=1pMkv-ba_T2mBKxjp_zBTZtgWEjwxPxdu; Nombres=Elena%20Serafina; Genero=F; Rol=D; token=eyJhbGciOiJIUzI1NiIsInR5cCI6IkpXVCJ9.eyJJRF9Vc3VhcmlvIjoiMSIsIk5vbWJyZV9Vc3VhcmlvIjoiZGlyZWN0b3IuYXN1bmNpb244IiwiUkRQMDJfSU5TVEFOQ0UiOiJSRFAwMl9JTlMzIiwiUkRQMDNfSU5TVEFOQ0UiOiJSRFAwM19JTlMxIiwiUm9sIjoiRCIsImlhdCI6MTc1MTk1Nzc3OCwiZXhwIjoxNzUxOTc1Nzc4fQ.zgiMk5F975DPeJHbZbutUWokgz3NCaykbTowj4bUGSk
1 > Content-Type: application/json; charset=UTF-8
1 > Content-Length: 70
1 > Host: siasis-dev.vercel.app
1 > Connection: Keep-Alive
1 > User-Agent: Apache-HttpClient/4.5.14 (Java/17.0.12)
1 > Accept-Encoding: gzip,deflate
{
  "ModoRegistro": "E",
  "FechaHoraEsperadaISO": "2025-07-08T05:56:28.248Z"
}


01:56:29.242 [pool-2-thread-2] DEBUG com.intuit.karate - response time in milliseconds: 3369
1 < 200
1 < Access-Control-Allow-Origin: *
1 < Cache-Control: public, max-age=0, must-revalidate
1 < Content-Length: 509
1 < Content-Type: application/json; charset=utf-8
1 < Date: Tue, 08 Jul 2025 06:56:19 GMT
1 < Etag: W/"1fd-R0BDVEJKGlyGRKgiIVzIvCcxkS8"
1 < Server: Vercel
1 < Strict-Transport-Security: max-age=63072000; includeSubDomains; preload
1 < X-Powered-By: Express
1 < X-Vercel-Cache: MISS
1 < X-Vercel-Id: gru1::iad1::zpjsk-1751957776990-385a9d101494
{
  "success": true,
  "message": "Inicio de sesión exitoso",
  "data": {
    "Apellidos": "Cullanco Espilco",
    "Nombres": "Elena Serafina",
    "Rol": "D",
    "token": "eyJhbGciOiJIUzI1NiIsInR5cCI6IkpXVCJ9.eyJJRF9Vc3VhcmlvIjoiMSIsIk5vbWJyZV9Vc3VhcmlvIjoiZGlyZWN0b3IuYXN1bmNpb244IiwiUkRQMDJfSU5TVEFOQ0UiOiJSRFAwMl9JTlMyIiwiUkRQMDNfSU5TVEFOQ0UiOiJSRFAwM19JTlMzIiwiUm9sIjoiRCIsImlhdCI6MTc1MTk1Nzc3OSwiZXhwIjoxNzUxOTc1Nzc5fQ.-KwSFRBdxet8m6YNqxD7lXrm-fxxM6sFvXEUc7p8Ze4",
    "Google_Drive_Foto_ID": "1pMkv-ba_T2mBKxjp_zBTZtgWEjwxPxdu",
    "Genero": "F"
  }
}


01:56:29.257 [pool-2-thread-2] INFO  com.intuit.karate - [print] eyJhbGciOiJIUzI1NiIsInR5cCI6IkpXVCJ9.eyJJRF9Vc3VhcmlvIjoiMSIsIk5vbWJyZV9Vc3VhcmlvIjoiZGlyZWN0b3IuYXN1bmNpb244IiwiUkRQMDJfSU5TVEFOQ0UiOiJSRFAwMl9JTlMyIiwiUkRQMDNfSU5TVEFOQ0UiOiJSRFAwM19JTlMzIiwiUm9sIjoiRCIsImlhdCI6MTc1MTk1Nzc3OSwiZXhwIjoxNzUxOTc1Nzc5fQ.-KwSFRBdxet8m6YNqxD7lXrm-fxxM6sFvXEUc7p8Ze4 
01:56:29.258 [pool-2-thread-2] INFO  com.intuit.karate - [print] D 
01:56:29.265 [pool-2-thread-2] DEBUG com.intuit.karate - request:
1 > POST https://siasis-dev.vercel.app/api/auth/login
1 > Content-Type: application/json; charset=UTF-8
1 > Content-Length: 447
1 > Host: siasis-dev.vercel.app
1 > Connection: Keep-Alive
1 > User-Agent: Apache-HttpClient/4.5.14 (Java/17.0.12)
1 > Accept-Encoding: gzip,deflate
{
  "Nombres": "Elena Serafina",
  "Apellidos": "Cullanco Espilco",
  "token": "eyJhbGciOiJIUzI1NiIsInR5cCI6IkpXVCJ9.eyJJRF9Vc3VhcmlvIjoiMSIsIk5vbWJyZV9Vc3VhcmlvIjoiZGlyZWN0b3IuYXN1bmNpb244IiwiUkRQMDJfSU5TVEFOQ0UiOiJSRFAwMl9JTlMyIiwiUkRQMDNfSU5TVEFOQ0UiOiJSRFAwM19JTlMzIiwiUm9sIjoiRCIsImlhdCI6MTc1MTk1Nzc3OSwiZXhwIjoxNzUxOTc1Nzc5fQ.-KwSFRBdxet8m6YNqxD7lXrm-fxxM6sFvXEUc7p8Ze4",
  "Genero": "F",
  "Google_Drive_Foto_ID": "1pMkv-ba_T2mBKxjp_zBTZtgWEjwxPxdu",
  "Rol": "D"
}


01:56:29.289 [pool-2-thread-1] DEBUG com.intuit.karate - response time in milliseconds: 3415
1 < 200
1 < Access-Control-Allow-Origin: *
1 < Cache-Control: public, max-age=0, must-revalidate
1 < Content-Length: 509
1 < Content-Type: application/json; charset=utf-8
1 < Date: Tue, 08 Jul 2025 06:56:19 GMT
1 < Etag: W/"1fd-drsPui9p9Apm0wthR3gNwj4T/2o"
1 < Server: Vercel
1 < Strict-Transport-Security: max-age=63072000; includeSubDomains; preload
1 < X-Powered-By: Express
1 < X-Vercel-Cache: MISS
1 < X-Vercel-Id: gru1::iad1::cmdlq-1751957776990-9cc8bc479f2f
{
  "success": true,
  "message": "Inicio de sesión exitoso",
  "data": {
    "Apellidos": "Cullanco Espilco",
    "Nombres": "Elena Serafina",
    "Rol": "D",
    "token": "eyJhbGciOiJIUzI1NiIsInR5cCI6IkpXVCJ9.eyJJRF9Vc3VhcmlvIjoiMSIsIk5vbWJyZV9Vc3VhcmlvIjoiZGlyZWN0b3IuYXN1bmNpb244IiwiUkRQMDJfSU5TVEFOQ0UiOiJSRFAwMl9JTlMxIiwiUkRQMDNfSU5TVEFOQ0UiOiJSRFAwM19JTlM0IiwiUm9sIjoiRCIsImlhdCI6MTc1MTk1Nzc3OSwiZXhwIjoxNzUxOTc1Nzc5fQ.9YbeiMgVUHk6JaFmx5IgfOnWrrIcuCCPE1hgyu-4v30",
    "Google_Drive_Foto_ID": "1pMkv-ba_T2mBKxjp_zBTZtgWEjwxPxdu",
    "Genero": "F"
  }
}


01:56:29.293 [pool-2-thread-4] DEBUG com.intuit.karate - response time in milliseconds: 3420
1 < 200
1 < Access-Control-Allow-Origin: *
1 < Cache-Control: public, max-age=0, must-revalidate
1 < Content-Length: 509
1 < Content-Type: application/json; charset=utf-8
1 < Date: Tue, 08 Jul 2025 06:56:19 GMT
1 < Etag: W/"1fd-R0BDVEJKGlyGRKgiIVzIvCcxkS8"
1 < Server: Vercel
1 < Strict-Transport-Security: max-age=63072000; includeSubDomains; preload
1 < X-Powered-By: Express
1 < X-Vercel-Cache: MISS
1 < X-Vercel-Id: gru1::iad1::lf27c-1751957776990-b0e876ca1a24
{
  "success": true,
  "message": "Inicio de sesión exitoso",
  "data": {
    "Apellidos": "Cullanco Espilco",
    "Nombres": "Elena Serafina",
    "Rol": "D",
    "token": "eyJhbGciOiJIUzI1NiIsInR5cCI6IkpXVCJ9.eyJJRF9Vc3VhcmlvIjoiMSIsIk5vbWJyZV9Vc3VhcmlvIjoiZGlyZWN0b3IuYXN1bmNpb244IiwiUkRQMDJfSU5TVEFOQ0UiOiJSRFAwMl9JTlMyIiwiUkRQMDNfSU5TVEFOQ0UiOiJSRFAwM19JTlMzIiwiUm9sIjoiRCIsImlhdCI6MTc1MTk1Nzc3OSwiZXhwIjoxNzUxOTc1Nzc5fQ.-KwSFRBdxet8m6YNqxD7lXrm-fxxM6sFvXEUc7p8Ze4",
    "Google_Drive_Foto_ID": "1pMkv-ba_T2mBKxjp_zBTZtgWEjwxPxdu",
    "Genero": "F"
  }
}


01:56:29.294 [pool-2-thread-1] INFO  com.intuit.karate - [print] eyJhbGciOiJIUzI1NiIsInR5cCI6IkpXVCJ9.eyJJRF9Vc3VhcmlvIjoiMSIsIk5vbWJyZV9Vc3VhcmlvIjoiZGlyZWN0b3IuYXN1bmNpb244IiwiUkRQMDJfSU5TVEFOQ0UiOiJSRFAwMl9JTlMxIiwiUkRQMDNfSU5TVEFOQ0UiOiJSRFAwM19JTlM0IiwiUm9sIjoiRCIsImlhdCI6MTc1MTk1Nzc3OSwiZXhwIjoxNzUxOTc1Nzc5fQ.9YbeiMgVUHk6JaFmx5IgfOnWrrIcuCCPE1hgyu-4v30 
01:56:29.295 [pool-2-thread-1] INFO  com.intuit.karate - [print] D 
01:56:29.298 [pool-2-thread-4] INFO  com.intuit.karate - [print] eyJhbGciOiJIUzI1NiIsInR5cCI6IkpXVCJ9.eyJJRF9Vc3VhcmlvIjoiMSIsIk5vbWJyZV9Vc3VhcmlvIjoiZGlyZWN0b3IuYXN1bmNpb244IiwiUkRQMDJfSU5TVEFOQ0UiOiJSRFAwMl9JTlMyIiwiUkRQMDNfSU5TVEFOQ0UiOiJSRFAwM19JTlMzIiwiUm9sIjoiRCIsImlhdCI6MTc1MTk1Nzc3OSwiZXhwIjoxNzUxOTc1Nzc5fQ.-KwSFRBdxet8m6YNqxD7lXrm-fxxM6sFvXEUc7p8Ze4 
01:56:29.300 [pool-2-thread-4] INFO  com.intuit.karate - [print] D 
01:56:29.300 [pool-2-thread-1] DEBUG com.intuit.karate - request:
1 > POST https://siasis-dev.vercel.app/api/auth/login
1 > Content-Type: application/json; charset=UTF-8
1 > Content-Length: 447
1 > Host: siasis-dev.vercel.app
1 > Connection: Keep-Alive
1 > User-Agent: Apache-HttpClient/4.5.14 (Java/17.0.12)
1 > Accept-Encoding: gzip,deflate
{
  "Nombres": "Elena Serafina",
  "Apellidos": "Cullanco Espilco",
  "token": "eyJhbGciOiJIUzI1NiIsInR5cCI6IkpXVCJ9.eyJJRF9Vc3VhcmlvIjoiMSIsIk5vbWJyZV9Vc3VhcmlvIjoiZGlyZWN0b3IuYXN1bmNpb244IiwiUkRQMDJfSU5TVEFOQ0UiOiJSRFAwMl9JTlMxIiwiUkRQMDNfSU5TVEFOQ0UiOiJSRFAwM19JTlM0IiwiUm9sIjoiRCIsImlhdCI6MTc1MTk1Nzc3OSwiZXhwIjoxNzUxOTc1Nzc5fQ.9YbeiMgVUHk6JaFmx5IgfOnWrrIcuCCPE1hgyu-4v30",
  "Genero": "F",
  "Google_Drive_Foto_ID": "1pMkv-ba_T2mBKxjp_zBTZtgWEjwxPxdu",
  "Rol": "D"
}


01:56:29.306 [pool-2-thread-4] DEBUG com.intuit.karate - request:
1 > POST https://siasis-dev.vercel.app/api/auth/login
1 > Content-Type: application/json; charset=UTF-8
1 > Content-Length: 447
1 > Host: siasis-dev.vercel.app
1 > Connection: Keep-Alive
1 > User-Agent: Apache-HttpClient/4.5.14 (Java/17.0.12)
1 > Accept-Encoding: gzip,deflate
{
  "Nombres": "Elena Serafina",
  "Apellidos": "Cullanco Espilco",
  "token": "eyJhbGciOiJIUzI1NiIsInR5cCI6IkpXVCJ9.eyJJRF9Vc3VhcmlvIjoiMSIsIk5vbWJyZV9Vc3VhcmlvIjoiZGlyZWN0b3IuYXN1bmNpb244IiwiUkRQMDJfSU5TVEFOQ0UiOiJSRFAwMl9JTlMyIiwiUkRQMDNfSU5TVEFOQ0UiOiJSRFAwM19JTlMzIiwiUm9sIjoiRCIsImlhdCI6MTc1MTk1Nzc3OSwiZXhwIjoxNzUxOTc1Nzc5fQ.-KwSFRBdxet8m6YNqxD7lXrm-fxxM6sFvXEUc7p8Ze4",
  "Genero": "F",
  "Google_Drive_Foto_ID": "1pMkv-ba_T2mBKxjp_zBTZtgWEjwxPxdu",
  "Rol": "D"
}


01:56:29.335 [pool-2-thread-5] DEBUG com.intuit.karate - response time in milliseconds: 893
1 < 200
1 < Cache-Control: public, max-age=0, must-revalidate
1 < Content-Type: application/json
1 < Date: Tue, 08 Jul 2025 06:56:19 GMT
1 < Server: Vercel
1 < Strict-Transport-Security: max-age=63072000; includeSubDomains; preload
1 < Vary: RSC, Next-Router-State-Tree, Next-Router-Prefetch, Next-Router-Segment-Prefetch
1 < X-Matched-Path: /api/asistencia-hoy/marcar
1 < X-Vercel-Cache: MISS
1 < X-Vercel-Id: gru1::iad1::lw4h4-1751957779256-bda76d963c8e
1 < Transfer-Encoding: chunked
{
  "success": true,
  "message": "La asistencia ya había sido registrada anteriormente",
  "data": {
    "timestamp": 1751957779394,
    "desfaseSegundos": 3591,
    "esNuevoRegistro": false,
    "esRegistroPropio": false,
    "actorRegistrado": "D",
    "tipoAsistencia": "personal"
  }
}


01:56:29.343 [pool-2-thread-5] DEBUG c.intuit.karate.core.ScenarioEngine - over-writing existing variable 'loginFeature' with new value: 'classpath:resources/features/login/Auxiliar.feature'
01:56:29.350 [pool-2-thread-5] DEBUG c.intuit.karate.core.ScenarioEngine - over-writing existing variable 'loginResponse' with new value: call read(loginFeature)
01:56:29.359 [pool-2-thread-5] DEBUG com.intuit.karate - request:
1 > POST https://api01-siasis-dev.vercel.app/api/login/auxiliar
1 > Cookie: Apellidos=Cullanco%20Espilco; Google_Drive_Foto_ID=1pMkv-ba_T2mBKxjp_zBTZtgWEjwxPxdu; Nombres=Elena%20Serafina; Genero=F; Rol=D; token=eyJhbGciOiJIUzI1NiIsInR5cCI6IkpXVCJ9.eyJJRF9Vc3VhcmlvIjoiMSIsIk5vbWJyZV9Vc3VhcmlvIjoiZGlyZWN0b3IuYXN1bmNpb244IiwiUkRQMDJfSU5TVEFOQ0UiOiJSRFAwMl9JTlMzIiwiUkRQMDNfSU5TVEFOQ0UiOiJSRFAwM19JTlMxIiwiUm9sIjoiRCIsImlhdCI6MTc1MTk1Nzc3OCwiZXhwIjoxNzUxOTc1Nzc4fQ.zgiMk5F975DPeJHbZbutUWokgz3NCaykbTowj4bUGSk
1 > Content-Type: application/json; charset=UTF-8
1 > Content-Length: 67
1 > Host: api01-siasis-dev.vercel.app
1 > Connection: Keep-Alive
1 > User-Agent: Apache-HttpClient/4.5.14 (Java/17.0.12)
1 > Accept-Encoding: gzip,deflate
{
  "Nombre_Usuario": "brigida_gonzales_1535",
  "Contraseña": "15357278"
}


01:56:29.497 [pool-2-thread-3] DEBUG com.intuit.karate - response time in milliseconds: 3622
1 < 200
1 < Access-Control-Allow-Origin: *
1 < Cache-Control: public, max-age=0, must-revalidate
1 < Content-Length: 509
1 < Content-Type: application/json; charset=utf-8
1 < Date: Tue, 08 Jul 2025 06:56:19 GMT
1 < Etag: W/"1fd-7dr+DBJTEpXAiUn4QXAjF5NtbWU"
1 < Server: Vercel
1 < Strict-Transport-Security: max-age=63072000; includeSubDomains; preload
1 < X-Powered-By: Express
1 < X-Vercel-Cache: MISS
1 < X-Vercel-Id: gru1::iad1::9l8f7-1751957776990-cd4f6fdd7481
{
  "success": true,
  "message": "Inicio de sesión exitoso",
  "data": {
    "Apellidos": "Cullanco Espilco",
    "Nombres": "Elena Serafina",
    "Rol": "D",
    "token": "eyJhbGciOiJIUzI1NiIsInR5cCI6IkpXVCJ9.eyJJRF9Vc3VhcmlvIjoiMSIsIk5vbWJyZV9Vc3VhcmlvIjoiZGlyZWN0b3IuYXN1bmNpb244IiwiUkRQMDJfSU5TVEFOQ0UiOiJSRFAwMl9JTlMzIiwiUkRQMDNfSU5TVEFOQ0UiOiJSRFAwM19JTlMyIiwiUm9sIjoiRCIsImlhdCI6MTc1MTk1Nzc3OSwiZXhwIjoxNzUxOTc1Nzc5fQ.g711wxr5tV5MSLMFVXKQdUpUwg3df40Odivb46hbxgE",
    "Google_Drive_Foto_ID": "1pMkv-ba_T2mBKxjp_zBTZtgWEjwxPxdu",
    "Genero": "F"
  }
}


01:56:29.505 [pool-2-thread-3] INFO  com.intuit.karate - [print] eyJhbGciOiJIUzI1NiIsInR5cCI6IkpXVCJ9.eyJJRF9Vc3VhcmlvIjoiMSIsIk5vbWJyZV9Vc3VhcmlvIjoiZGlyZWN0b3IuYXN1bmNpb244IiwiUkRQMDJfSU5TVEFOQ0UiOiJSRFAwMl9JTlMzIiwiUkRQMDNfSU5TVEFOQ0UiOiJSRFAwM19JTlMyIiwiUm9sIjoiRCIsImlhdCI6MTc1MTk1Nzc3OSwiZXhwIjoxNzUxOTc1Nzc5fQ.g711wxr5tV5MSLMFVXKQdUpUwg3df40Odivb46hbxgE 
01:56:29.506 [pool-2-thread-3] INFO  com.intuit.karate - [print] D 
01:56:29.512 [pool-2-thread-3] DEBUG com.intuit.karate - request:
1 > POST https://siasis-dev.vercel.app/api/auth/login
1 > Content-Type: application/json; charset=UTF-8
1 > Content-Length: 447
1 > Host: siasis-dev.vercel.app
1 > Connection: Keep-Alive
1 > User-Agent: Apache-HttpClient/4.5.14 (Java/17.0.12)
1 > Accept-Encoding: gzip,deflate
{
  "Nombres": "Elena Serafina",
  "Apellidos": "Cullanco Espilco",
  "token": "eyJhbGciOiJIUzI1NiIsInR5cCI6IkpXVCJ9.eyJJRF9Vc3VhcmlvIjoiMSIsIk5vbWJyZV9Vc3VhcmlvIjoiZGlyZWN0b3IuYXN1bmNpb244IiwiUkRQMDJfSU5TVEFOQ0UiOiJSRFAwMl9JTlMzIiwiUkRQMDNfSU5TVEFOQ0UiOiJSRFAwM19JTlMyIiwiUm9sIjoiRCIsImlhdCI6MTc1MTk1Nzc3OSwiZXhwIjoxNzUxOTc1Nzc5fQ.g711wxr5tV5MSLMFVXKQdUpUwg3df40Odivb46hbxgE",
  "Genero": "F",
  "Google_Drive_Foto_ID": "1pMkv-ba_T2mBKxjp_zBTZtgWEjwxPxdu",
  "Rol": "D"
}


01:56:29.760 [pool-2-thread-2] DEBUG com.intuit.karate - response time in milliseconds: 493
1 < 201
1 < Cache-Control: public, max-age=0, must-revalidate
1 < Content-Length: 0
1 < Date: Tue, 08 Jul 2025 06:56:20 GMT
1 < Server: Vercel
1 < Set-Cookie: Nombres=Elena%20Serafina; Max-Age=18000; Path=/; HttpOnly; Secure; SameSite=Lax
1 < Set-Cookie: Apellidos=Cullanco%20Espilco; Max-Age=18000; Path=/; HttpOnly; Secure; SameSite=Lax
1 < Set-Cookie: Rol=D; Max-Age=18000; Path=/; HttpOnly; Secure; SameSite=Lax
1 < Set-Cookie: token=eyJhbGciOiJIUzI1NiIsInR5cCI6IkpXVCJ9.eyJJRF9Vc3VhcmlvIjoiMSIsIk5vbWJyZV9Vc3VhcmlvIjoiZGlyZWN0b3IuYXN1bmNpb244IiwiUkRQMDJfSU5TVEFOQ0UiOiJSRFAwMl9JTlMyIiwiUkRQMDNfSU5TVEFOQ0UiOiJSRFAwM19JTlMzIiwiUm9sIjoiRCIsImlhdCI6MTc1MTk1Nzc3OSwiZXhwIjoxNzUxOTc1Nzc5fQ.-KwSFRBdxet8m6YNqxD7lXrm-fxxM6sFvXEUc7p8Ze4; Max-Age=18000; Path=/; HttpOnly; Secure; SameSite=Lax
1 < Set-Cookie: Genero=F; Max-Age=18000; Path=/; HttpOnly; Secure; SameSite=Lax
1 < Set-Cookie: Google_Drive_Foto_ID=1pMkv-ba_T2mBKxjp_zBTZtgWEjwxPxdu; Max-Age=18000; Path=/; HttpOnly; Secure; SameSite=Lax
1 < Strict-Transport-Security: max-age=63072000; includeSubDomains; preload
1 < Vary: RSC, Next-Router-State-Tree, Next-Router-Prefetch, Next-Router-Segment-Prefetch
1 < X-Matched-Path: /api/auth/login
1 < X-Vercel-Cache: MISS
1 < X-Vercel-Id: gru1::iad1::cq8gr-1751957780065-1e101605d9e1


01:56:29.761 [pool-2-thread-4] DEBUG com.intuit.karate - response time in milliseconds: 453
1 < 201
1 < Cache-Control: public, max-age=0, must-revalidate
1 < Content-Length: 0
1 < Date: Tue, 08 Jul 2025 06:56:20 GMT
1 < Server: Vercel
1 < Set-Cookie: Nombres=Elena%20Serafina; Max-Age=18000; Path=/; HttpOnly; Secure; SameSite=Lax
1 < Set-Cookie: Apellidos=Cullanco%20Espilco; Max-Age=18000; Path=/; HttpOnly; Secure; SameSite=Lax
1 < Set-Cookie: Rol=D; Max-Age=18000; Path=/; HttpOnly; Secure; SameSite=Lax
1 < Set-Cookie: token=eyJhbGciOiJIUzI1NiIsInR5cCI6IkpXVCJ9.eyJJRF9Vc3VhcmlvIjoiMSIsIk5vbWJyZV9Vc3VhcmlvIjoiZGlyZWN0b3IuYXN1bmNpb244IiwiUkRQMDJfSU5TVEFOQ0UiOiJSRFAwMl9JTlMyIiwiUkRQMDNfSU5TVEFOQ0UiOiJSRFAwM19JTlMzIiwiUm9sIjoiRCIsImlhdCI6MTc1MTk1Nzc3OSwiZXhwIjoxNzUxOTc1Nzc5fQ.-KwSFRBdxet8m6YNqxD7lXrm-fxxM6sFvXEUc7p8Ze4; Max-Age=18000; Path=/; HttpOnly; Secure; SameSite=Lax
1 < Set-Cookie: Genero=F; Max-Age=18000; Path=/; HttpOnly; Secure; SameSite=Lax
1 < Set-Cookie: Google_Drive_Foto_ID=1pMkv-ba_T2mBKxjp_zBTZtgWEjwxPxdu; Max-Age=18000; Path=/; HttpOnly; Secure; SameSite=Lax
1 < Strict-Transport-Security: max-age=63072000; includeSubDomains; preload
1 < Vary: RSC, Next-Router-State-Tree, Next-Router-Prefetch, Next-Router-Segment-Prefetch
1 < X-Matched-Path: /api/auth/login
1 < X-Vercel-Cache: MISS
1 < X-Vercel-Id: gru1::iad1::zdj87-1751957780114-c7cb220f38dd


01:56:29.762 [pool-2-thread-1] DEBUG com.intuit.karate - response time in milliseconds: 459
1 < 201
1 < Cache-Control: public, max-age=0, must-revalidate
1 < Content-Length: 0
1 < Date: Tue, 08 Jul 2025 06:56:20 GMT
1 < Server: Vercel
1 < Set-Cookie: Nombres=Elena%20Serafina; Max-Age=18000; Path=/; HttpOnly; Secure; SameSite=Lax
1 < Set-Cookie: Apellidos=Cullanco%20Espilco; Max-Age=18000; Path=/; HttpOnly; Secure; SameSite=Lax
1 < Set-Cookie: Rol=D; Max-Age=18000; Path=/; HttpOnly; Secure; SameSite=Lax
1 < Set-Cookie: token=eyJhbGciOiJIUzI1NiIsInR5cCI6IkpXVCJ9.eyJJRF9Vc3VhcmlvIjoiMSIsIk5vbWJyZV9Vc3VhcmlvIjoiZGlyZWN0b3IuYXN1bmNpb244IiwiUkRQMDJfSU5TVEFOQ0UiOiJSRFAwMl9JTlMxIiwiUkRQMDNfSU5TVEFOQ0UiOiJSRFAwM19JTlM0IiwiUm9sIjoiRCIsImlhdCI6MTc1MTk1Nzc3OSwiZXhwIjoxNzUxOTc1Nzc5fQ.9YbeiMgVUHk6JaFmx5IgfOnWrrIcuCCPE1hgyu-4v30; Max-Age=18000; Path=/; HttpOnly; Secure; SameSite=Lax
1 < Set-Cookie: Genero=F; Max-Age=18000; Path=/; HttpOnly; Secure; SameSite=Lax
1 < Set-Cookie: Google_Drive_Foto_ID=1pMkv-ba_T2mBKxjp_zBTZtgWEjwxPxdu; Max-Age=18000; Path=/; HttpOnly; Secure; SameSite=Lax
1 < Strict-Transport-Security: max-age=63072000; includeSubDomains; preload
1 < Vary: RSC, Next-Router-State-Tree, Next-Router-Prefetch, Next-Router-Segment-Prefetch
1 < X-Matched-Path: /api/auth/login
1 < X-Vercel-Cache: MISS
1 < X-Vercel-Id: gru1::iad1::2cxpp-1751957780109-29c63de8ae11


01:56:29.772 [pool-2-thread-1] DEBUG com.intuit.karate - request:
1 > POST https://siasis-dev.vercel.app/api/asistencia-hoy/marcar
1 > Cookie: Apellidos=Cullanco%20Espilco; Google_Drive_Foto_ID=1pMkv-ba_T2mBKxjp_zBTZtgWEjwxPxdu; Nombres=Elena%20Serafina; Genero=F; Rol=D; token=eyJhbGciOiJIUzI1NiIsInR5cCI6IkpXVCJ9.eyJJRF9Vc3VhcmlvIjoiMSIsIk5vbWJyZV9Vc3VhcmlvIjoiZGlyZWN0b3IuYXN1bmNpb244IiwiUkRQMDJfSU5TVEFOQ0UiOiJSRFAwMl9JTlMxIiwiUkRQMDNfSU5TVEFOQ0UiOiJSRFAwM19JTlM0IiwiUm9sIjoiRCIsImlhdCI6MTc1MTk1Nzc3OSwiZXhwIjoxNzUxOTc1Nzc5fQ.9YbeiMgVUHk6JaFmx5IgfOnWrrIcuCCPE1hgyu-4v30
1 > Content-Type: application/json; charset=UTF-8
1 > Content-Length: 70
1 > Host: siasis-dev.vercel.app
1 > Connection: Keep-Alive
1 > User-Agent: Apache-HttpClient/4.5.14 (Java/17.0.12)
1 > Accept-Encoding: gzip,deflate
{
  "ModoRegistro": "E",
  "FechaHoraEsperadaISO": "2025-07-08T05:56:29.767Z"
}


01:56:29.774 [pool-2-thread-2] DEBUG com.intuit.karate - request:
1 > POST https://siasis-dev.vercel.app/api/asistencia-hoy/marcar
1 > Cookie: Apellidos=Cullanco%20Espilco; Google_Drive_Foto_ID=1pMkv-ba_T2mBKxjp_zBTZtgWEjwxPxdu; Nombres=Elena%20Serafina; Genero=F; Rol=D; token=eyJhbGciOiJIUzI1NiIsInR5cCI6IkpXVCJ9.eyJJRF9Vc3VhcmlvIjoiMSIsIk5vbWJyZV9Vc3VhcmlvIjoiZGlyZWN0b3IuYXN1bmNpb244IiwiUkRQMDJfSU5TVEFOQ0UiOiJSRFAwMl9JTlMyIiwiUkRQMDNfSU5TVEFOQ0UiOiJSRFAwM19JTlMzIiwiUm9sIjoiRCIsImlhdCI6MTc1MTk1Nzc3OSwiZXhwIjoxNzUxOTc1Nzc5fQ.-KwSFRBdxet8m6YNqxD7lXrm-fxxM6sFvXEUc7p8Ze4
1 > Content-Type: application/json; charset=UTF-8
1 > Content-Length: 70
1 > Host: siasis-dev.vercel.app
1 > Connection: Keep-Alive
1 > User-Agent: Apache-HttpClient/4.5.14 (Java/17.0.12)
1 > Accept-Encoding: gzip,deflate
{
  "ModoRegistro": "E",
  "FechaHoraEsperadaISO": "2025-07-08T05:56:29.766Z"
}


01:56:29.772 [pool-2-thread-4] DEBUG com.intuit.karate - request:
1 > POST https://siasis-dev.vercel.app/api/asistencia-hoy/marcar
1 > Cookie: Apellidos=Cullanco%20Espilco; Google_Drive_Foto_ID=1pMkv-ba_T2mBKxjp_zBTZtgWEjwxPxdu; Nombres=Elena%20Serafina; Genero=F; Rol=D; token=eyJhbGciOiJIUzI1NiIsInR5cCI6IkpXVCJ9.eyJJRF9Vc3VhcmlvIjoiMSIsIk5vbWJyZV9Vc3VhcmlvIjoiZGlyZWN0b3IuYXN1bmNpb244IiwiUkRQMDJfSU5TVEFOQ0UiOiJSRFAwMl9JTlMyIiwiUkRQMDNfSU5TVEFOQ0UiOiJSRFAwM19JTlMzIiwiUm9sIjoiRCIsImlhdCI6MTc1MTk1Nzc3OSwiZXhwIjoxNzUxOTc1Nzc5fQ.-KwSFRBdxet8m6YNqxD7lXrm-fxxM6sFvXEUc7p8Ze4
1 > Content-Type: application/json; charset=UTF-8
1 > Content-Length: 70
1 > Host: siasis-dev.vercel.app
1 > Connection: Keep-Alive
1 > User-Agent: Apache-HttpClient/4.5.14 (Java/17.0.12)
1 > Accept-Encoding: gzip,deflate
{
  "ModoRegistro": "E",
  "FechaHoraEsperadaISO": "2025-07-08T05:56:29.766Z"
}


01:56:30.003 [pool-2-thread-3] DEBUG com.intuit.karate - response time in milliseconds: 490
1 < 201
1 < Cache-Control: public, max-age=0, must-revalidate
1 < Content-Length: 0
1 < Date: Tue, 08 Jul 2025 06:56:20 GMT
1 < Server: Vercel
1 < Set-Cookie: Nombres=Elena%20Serafina; Max-Age=18000; Path=/; HttpOnly; Secure; SameSite=Lax
1 < Set-Cookie: Apellidos=Cullanco%20Espilco; Max-Age=18000; Path=/; HttpOnly; Secure; SameSite=Lax
1 < Set-Cookie: Rol=D; Max-Age=18000; Path=/; HttpOnly; Secure; SameSite=Lax
1 < Set-Cookie: token=eyJhbGciOiJIUzI1NiIsInR5cCI6IkpXVCJ9.eyJJRF9Vc3VhcmlvIjoiMSIsIk5vbWJyZV9Vc3VhcmlvIjoiZGlyZWN0b3IuYXN1bmNpb244IiwiUkRQMDJfSU5TVEFOQ0UiOiJSRFAwMl9JTlMzIiwiUkRQMDNfSU5TVEFOQ0UiOiJSRFAwM19JTlMyIiwiUm9sIjoiRCIsImlhdCI6MTc1MTk1Nzc3OSwiZXhwIjoxNzUxOTc1Nzc5fQ.g711wxr5tV5MSLMFVXKQdUpUwg3df40Odivb46hbxgE; Max-Age=18000; Path=/; HttpOnly; Secure; SameSite=Lax
1 < Set-Cookie: Genero=F; Max-Age=18000; Path=/; HttpOnly; Secure; SameSite=Lax
1 < Set-Cookie: Google_Drive_Foto_ID=1pMkv-ba_T2mBKxjp_zBTZtgWEjwxPxdu; Max-Age=18000; Path=/; HttpOnly; Secure; SameSite=Lax
1 < Strict-Transport-Security: max-age=63072000; includeSubDomains; preload
1 < Vary: RSC, Next-Router-State-Tree, Next-Router-Prefetch, Next-Router-Segment-Prefetch
1 < X-Matched-Path: /api/auth/login
1 < X-Vercel-Cache: MISS
1 < X-Vercel-Id: gru1::iad1::2cxpp-1751957780379-78c58dab579c


01:56:30.011 [pool-2-thread-3] DEBUG com.intuit.karate - request:
1 > POST https://siasis-dev.vercel.app/api/asistencia-hoy/marcar
1 > Cookie: Apellidos=Cullanco%20Espilco; Google_Drive_Foto_ID=1pMkv-ba_T2mBKxjp_zBTZtgWEjwxPxdu; Nombres=Elena%20Serafina; Genero=F; Rol=D; token=eyJhbGciOiJIUzI1NiIsInR5cCI6IkpXVCJ9.eyJJRF9Vc3VhcmlvIjoiMSIsIk5vbWJyZV9Vc3VhcmlvIjoiZGlyZWN0b3IuYXN1bmNpb244IiwiUkRQMDJfSU5TVEFOQ0UiOiJSRFAwMl9JTlMzIiwiUkRQMDNfSU5TVEFOQ0UiOiJSRFAwM19JTlMyIiwiUm9sIjoiRCIsImlhdCI6MTc1MTk1Nzc3OSwiZXhwIjoxNzUxOTc1Nzc5fQ.g711wxr5tV5MSLMFVXKQdUpUwg3df40Odivb46hbxgE
1 > Content-Type: application/json; charset=UTF-8
1 > Content-Length: 70
1 > Host: siasis-dev.vercel.app
1 > Connection: Keep-Alive
1 > User-Agent: Apache-HttpClient/4.5.14 (Java/17.0.12)
1 > Accept-Encoding: gzip,deflate
{
  "ModoRegistro": "E",
  "FechaHoraEsperadaISO": "2025-07-08T05:56:30.006Z"
}


01:56:30.299 [pool-2-thread-5] DEBUG com.intuit.karate - response time in milliseconds: 938
1 < 200
1 < Access-Control-Allow-Origin: *
1 < Cache-Control: public, max-age=0, must-revalidate
1 < Content-Length: 515
1 < Content-Type: application/json; charset=utf-8
1 < Date: Tue, 08 Jul 2025 06:56:20 GMT
1 < Etag: W/"203-2MUTQPu12X4v5u8eaCGgCvaN+BQ"
1 < Server: Vercel
1 < Strict-Transport-Security: max-age=63072000; includeSubDomains; preload
1 < X-Powered-By: Express
1 < X-Vercel-Cache: MISS
1 < X-Vercel-Id: gru1::iad1::9l8f7-1751957780159-86cbe7b3be50
{
  "success": true,
  "message": "Inicio de sesión exitoso",
  "data": {
    "Apellidos": "Gonzales Morales",
    "Nombres": "Brigida",
    "Rol": "A",
    "token": "eyJhbGciOiJIUzI1NiIsInR5cCI6IkpXVCJ9.eyJJRF9Vc3VhcmlvIjoiMTUzNTcyNzgiLCJSRFAwMl9JTlNUQU5DRSI6IlJEUDAyX0lOUzEiLCJSRFAwM19JTlNUQU5DRSI6IlJEUDAzX0lOUzIiLCJOb21icmVfVXN1YXJpbyI6ImJyaWdpZGFfZ29uemFsZXNfMTUzNSIsIlJvbCI6IkEiLCJpYXQiOjE3NTE5NTc3ODAsImV4cCI6MTc1MTk3NTc4MH0.VXyQKGB3ugwhx_E5MJ4vhCQf3cZeXW5YXAKohd_Idhk",
    "Google_Drive_Foto_ID": "1zMyKrzbyqYhCZX-7usVpUfzuwOvRpQtA",
    "Genero": "F"
  }
}


01:56:30.313 [pool-2-thread-5] INFO  com.intuit.karate - [print] eyJhbGciOiJIUzI1NiIsInR5cCI6IkpXVCJ9.eyJJRF9Vc3VhcmlvIjoiMTUzNTcyNzgiLCJSRFAwMl9JTlNUQU5DRSI6IlJEUDAyX0lOUzEiLCJSRFAwM19JTlNUQU5DRSI6IlJEUDAzX0lOUzIiLCJOb21icmVfVXN1YXJpbyI6ImJyaWdpZGFfZ29uemFsZXNfMTUzNSIsIlJvbCI6IkEiLCJpYXQiOjE3NTE5NTc3ODAsImV4cCI6MTc1MTk3NTc4MH0.VXyQKGB3ugwhx_E5MJ4vhCQf3cZeXW5YXAKohd_Idhk 
01:56:30.315 [pool-2-thread-5] INFO  com.intuit.karate - [print] A 
01:56:30.326 [pool-2-thread-5] DEBUG com.intuit.karate - request:
1 > POST https://siasis-dev.vercel.app/api/auth/login
1 > Cookie: Apellidos=Cullanco%20Espilco; Google_Drive_Foto_ID=1pMkv-ba_T2mBKxjp_zBTZtgWEjwxPxdu; Nombres=Elena%20Serafina; Genero=F; Rol=D; token=eyJhbGciOiJIUzI1NiIsInR5cCI6IkpXVCJ9.eyJJRF9Vc3VhcmlvIjoiMSIsIk5vbWJyZV9Vc3VhcmlvIjoiZGlyZWN0b3IuYXN1bmNpb244IiwiUkRQMDJfSU5TVEFOQ0UiOiJSRFAwMl9JTlMzIiwiUkRQMDNfSU5TVEFOQ0UiOiJSRFAwM19JTlMxIiwiUm9sIjoiRCIsImlhdCI6MTc1MTk1Nzc3OCwiZXhwIjoxNzUxOTc1Nzc4fQ.zgiMk5F975DPeJHbZbutUWokgz3NCaykbTowj4bUGSk
1 > Content-Type: application/json; charset=UTF-8
1 > Content-Length: 453
1 > Host: siasis-dev.vercel.app
1 > Connection: Keep-Alive
1 > User-Agent: Apache-HttpClient/4.5.14 (Java/17.0.12)
1 > Accept-Encoding: gzip,deflate
{
  "Nombres": "Brigida",
  "Apellidos": "Gonzales Morales",
  "token": "eyJhbGciOiJIUzI1NiIsInR5cCI6IkpXVCJ9.eyJJRF9Vc3VhcmlvIjoiMTUzNTcyNzgiLCJSRFAwMl9JTlNUQU5DRSI6IlJEUDAyX0lOUzEiLCJSRFAwM19JTlNUQU5DRSI6IlJEUDAzX0lOUzIiLCJOb21icmVfVXN1YXJpbyI6ImJyaWdpZGFfZ29uemFsZXNfMTUzNSIsIlJvbCI6IkEiLCJpYXQiOjE3NTE5NTc3ODAsImV4cCI6MTc1MTk3NTc4MH0.VXyQKGB3ugwhx_E5MJ4vhCQf3cZeXW5YXAKohd_Idhk",
  "Genero": "F",
  "Google_Drive_Foto_ID": "1zMyKrzbyqYhCZX-7usVpUfzuwOvRpQtA",
  "Rol": "A"
}


01:56:30.367 [pool-2-thread-1] DEBUG com.intuit.karate - response time in milliseconds: 591
1 < 200
1 < Cache-Control: public, max-age=0, must-revalidate
1 < Content-Type: application/json
1 < Date: Tue, 08 Jul 2025 06:56:20 GMT
1 < Server: Vercel
1 < Strict-Transport-Security: max-age=63072000; includeSubDomains; preload
1 < Vary: RSC, Next-Router-State-Tree, Next-Router-Prefetch, Next-Router-Segment-Prefetch
1 < X-Matched-Path: /api/asistencia-hoy/marcar
1 < X-Vercel-Cache: MISS
1 < X-Vercel-Id: gru1::iad1::2cxpp-1751957780578-ab978f86bf3f
1 < Transfer-Encoding: chunked
{
  "success": true,
  "message": "La asistencia ya había sido registrada anteriormente",
  "data": {
    "timestamp": 1751957780692,
    "desfaseSegundos": 3590,
    "esNuevoRegistro": false,
    "esRegistroPropio": false,
    "actorRegistrado": "D",
    "tipoAsistencia": "personal"
  }
}


01:56:30.386 [pool-2-thread-1] DEBUG c.intuit.karate.core.ScenarioEngine - over-writing existing variable 'loginFeature' with new value: 'classpath:resources/features/login/Auxiliar.feature'
01:56:30.399 [pool-2-thread-1] DEBUG c.intuit.karate.core.ScenarioEngine - over-writing existing variable 'loginResponse' with new value: call read(loginFeature)
01:56:30.416 [pool-2-thread-1] DEBUG com.intuit.karate - request:
1 > POST https://api01-siasis-dev.vercel.app/api/login/auxiliar
1 > Cookie: Apellidos=Cullanco%20Espilco; Google_Drive_Foto_ID=1pMkv-ba_T2mBKxjp_zBTZtgWEjwxPxdu; Nombres=Elena%20Serafina; Genero=F; Rol=D; token=eyJhbGciOiJIUzI1NiIsInR5cCI6IkpXVCJ9.eyJJRF9Vc3VhcmlvIjoiMSIsIk5vbWJyZV9Vc3VhcmlvIjoiZGlyZWN0b3IuYXN1bmNpb244IiwiUkRQMDJfSU5TVEFOQ0UiOiJSRFAwMl9JTlMxIiwiUkRQMDNfSU5TVEFOQ0UiOiJSRFAwM19JTlM0IiwiUm9sIjoiRCIsImlhdCI6MTc1MTk1Nzc3OSwiZXhwIjoxNzUxOTc1Nzc5fQ.9YbeiMgVUHk6JaFmx5IgfOnWrrIcuCCPE1hgyu-4v30
1 > Content-Type: application/json; charset=UTF-8
1 > Content-Length: 67
1 > Host: api01-siasis-dev.vercel.app
1 > Connection: Keep-Alive
1 > User-Agent: Apache-HttpClient/4.5.14 (Java/17.0.12)
1 > Accept-Encoding: gzip,deflate
{
  "Nombre_Usuario": "brigida_gonzales_1535",
  "Contraseña": "15357278"
}


01:56:30.532 [pool-2-thread-2] DEBUG com.intuit.karate - response time in milliseconds: 755
1 < 200
1 < Cache-Control: public, max-age=0, must-revalidate
1 < Content-Type: application/json
1 < Date: Tue, 08 Jul 2025 06:56:21 GMT
1 < Server: Vercel
1 < Strict-Transport-Security: max-age=63072000; includeSubDomains; preload
1 < Vary: RSC, Next-Router-State-Tree, Next-Router-Prefetch, Next-Router-Segment-Prefetch
1 < X-Matched-Path: /api/asistencia-hoy/marcar
1 < X-Vercel-Cache: MISS
1 < X-Vercel-Id: gru1::iad1::cq8gr-1751957780580-f121a2d5d91a
1 < Transfer-Encoding: chunked
{
  "success": true,
  "message": "La asistencia ya había sido registrada anteriormente",
  "data": {
    "timestamp": 1751957780850,
    "desfaseSegundos": 3591,
    "esNuevoRegistro": false,
    "esRegistroPropio": false,
    "actorRegistrado": "D",
    "tipoAsistencia": "personal"
  }
}


01:56:30.541 [pool-2-thread-2] DEBUG c.intuit.karate.core.ScenarioEngine - over-writing existing variable 'loginFeature' with new value: 'classpath:resources/features/login/Auxiliar.feature'
01:56:30.551 [pool-2-thread-2] DEBUG c.intuit.karate.core.ScenarioEngine - over-writing existing variable 'loginResponse' with new value: call read(loginFeature)
01:56:30.574 [pool-2-thread-2] DEBUG com.intuit.karate - request:
1 > POST https://api01-siasis-dev.vercel.app/api/login/auxiliar
1 > Cookie: Apellidos=Cullanco%20Espilco; Google_Drive_Foto_ID=1pMkv-ba_T2mBKxjp_zBTZtgWEjwxPxdu; Nombres=Elena%20Serafina; Genero=F; Rol=D; token=eyJhbGciOiJIUzI1NiIsInR5cCI6IkpXVCJ9.eyJJRF9Vc3VhcmlvIjoiMSIsIk5vbWJyZV9Vc3VhcmlvIjoiZGlyZWN0b3IuYXN1bmNpb244IiwiUkRQMDJfSU5TVEFOQ0UiOiJSRFAwMl9JTlMyIiwiUkRQMDNfSU5TVEFOQ0UiOiJSRFAwM19JTlMzIiwiUm9sIjoiRCIsImlhdCI6MTc1MTk1Nzc3OSwiZXhwIjoxNzUxOTc1Nzc5fQ.-KwSFRBdxet8m6YNqxD7lXrm-fxxM6sFvXEUc7p8Ze4
1 > Content-Type: application/json; charset=UTF-8
1 > Content-Length: 67
1 > Host: api01-siasis-dev.vercel.app
1 > Connection: Keep-Alive
1 > User-Agent: Apache-HttpClient/4.5.14 (Java/17.0.12)
1 > Accept-Encoding: gzip,deflate
{
  "Nombre_Usuario": "brigida_gonzales_1535",
  "Contraseña": "15357278"
}


01:56:30.680 [pool-2-thread-3] DEBUG com.intuit.karate - response time in milliseconds: 668
1 < 200
1 < Cache-Control: public, max-age=0, must-revalidate
1 < Content-Type: application/json
1 < Date: Tue, 08 Jul 2025 06:56:21 GMT
1 < Server: Vercel
1 < Strict-Transport-Security: max-age=63072000; includeSubDomains; preload
1 < Vary: RSC, Next-Router-State-Tree, Next-Router-Prefetch, Next-Router-Segment-Prefetch
1 < X-Matched-Path: /api/asistencia-hoy/marcar
1 < X-Vercel-Cache: MISS
1 < X-Vercel-Id: gru1::iad1::lpfpj-1751957780894-6bfd6ca0005c
1 < Transfer-Encoding: chunked
{
  "success": true,
  "message": "La asistencia ya había sido registrada anteriormente",
  "data": {
    "timestamp": 1751957781003,
    "desfaseSegundos": 3590,
    "esNuevoRegistro": false,
    "esRegistroPropio": false,
    "actorRegistrado": "D",
    "tipoAsistencia": "personal"
  }
}


01:56:30.691 [pool-2-thread-3] DEBUG c.intuit.karate.core.ScenarioEngine - over-writing existing variable 'loginFeature' with new value: 'classpath:resources/features/login/Auxiliar.feature'
01:56:30.700 [pool-2-thread-3] DEBUG c.intuit.karate.core.ScenarioEngine - over-writing existing variable 'loginResponse' with new value: call read(loginFeature)
01:56:30.710 [pool-2-thread-3] DEBUG com.intuit.karate - request:
1 > POST https://api01-siasis-dev.vercel.app/api/login/auxiliar
1 > Cookie: Apellidos=Cullanco%20Espilco; Google_Drive_Foto_ID=1pMkv-ba_T2mBKxjp_zBTZtgWEjwxPxdu; Nombres=Elena%20Serafina; Genero=F; Rol=D; token=eyJhbGciOiJIUzI1NiIsInR5cCI6IkpXVCJ9.eyJJRF9Vc3VhcmlvIjoiMSIsIk5vbWJyZV9Vc3VhcmlvIjoiZGlyZWN0b3IuYXN1bmNpb244IiwiUkRQMDJfSU5TVEFOQ0UiOiJSRFAwMl9JTlMzIiwiUkRQMDNfSU5TVEFOQ0UiOiJSRFAwM19JTlMyIiwiUm9sIjoiRCIsImlhdCI6MTc1MTk1Nzc3OSwiZXhwIjoxNzUxOTc1Nzc5fQ.g711wxr5tV5MSLMFVXKQdUpUwg3df40Odivb46hbxgE
1 > Content-Type: application/json; charset=UTF-8
1 > Content-Length: 67
1 > Host: api01-siasis-dev.vercel.app
1 > Connection: Keep-Alive
1 > User-Agent: Apache-HttpClient/4.5.14 (Java/17.0.12)
1 > Accept-Encoding: gzip,deflate
{
  "Nombre_Usuario": "brigida_gonzales_1535",
  "Contraseña": "15357278"
}


01:56:30.762 [pool-2-thread-5] DEBUG com.intuit.karate - response time in milliseconds: 433
1 < 201
1 < Cache-Control: public, max-age=0, must-revalidate
1 < Content-Length: 0
1 < Date: Tue, 08 Jul 2025 06:56:21 GMT
1 < Server: Vercel
1 < Set-Cookie: Nombres=Brigida; Max-Age=18000; Path=/; HttpOnly; Secure; SameSite=Lax
1 < Set-Cookie: Apellidos=Gonzales%20Morales; Max-Age=18000; Path=/; HttpOnly; Secure; SameSite=Lax
1 < Set-Cookie: Rol=A; Max-Age=18000; Path=/; HttpOnly; Secure; SameSite=Lax
1 < Set-Cookie: token=eyJhbGciOiJIUzI1NiIsInR5cCI6IkpXVCJ9.eyJJRF9Vc3VhcmlvIjoiMTUzNTcyNzgiLCJSRFAwMl9JTlNUQU5DRSI6IlJEUDAyX0lOUzEiLCJSRFAwM19JTlNUQU5DRSI6IlJEUDAzX0lOUzIiLCJOb21icmVfVXN1YXJpbyI6ImJyaWdpZGFfZ29uemFsZXNfMTUzNSIsIlJvbCI6IkEiLCJpYXQiOjE3NTE5NTc3ODAsImV4cCI6MTc1MTk3NTc4MH0.VXyQKGB3ugwhx_E5MJ4vhCQf3cZeXW5YXAKohd_Idhk; Max-Age=18000; Path=/; HttpOnly; Secure; SameSite=Lax
1 < Set-Cookie: Genero=F; Max-Age=18000; Path=/; HttpOnly; Secure; SameSite=Lax
1 < Set-Cookie: Google_Drive_Foto_ID=1zMyKrzbyqYhCZX-7usVpUfzuwOvRpQtA; Max-Age=18000; Path=/; HttpOnly; Secure; SameSite=Lax
1 < Strict-Transport-Security: max-age=63072000; includeSubDomains; preload
1 < Vary: RSC, Next-Router-State-Tree, Next-Router-Prefetch, Next-Router-Segment-Prefetch
1 < X-Matched-Path: /api/auth/login
1 < X-Vercel-Cache: MISS
1 < X-Vercel-Id: gru1::iad1::kr4zd-1751957781133-a358152ea471


01:56:30.766 [pool-2-thread-5] DEBUG c.intuit.karate.core.ScenarioEngine - over-writing existing variable 'fechaHoraEsperadaISO' with new value: getAdjustedTime()
01:56:30.770 [pool-2-thread-5] DEBUG com.intuit.karate - request:
1 > POST https://siasis-dev.vercel.app/api/asistencia-hoy/marcar
1 > Cookie: Apellidos=Gonzales%20Morales; Google_Drive_Foto_ID=1zMyKrzbyqYhCZX-7usVpUfzuwOvRpQtA; Nombres=Brigida; Genero=F; Rol=A; token=eyJhbGciOiJIUzI1NiIsInR5cCI6IkpXVCJ9.eyJJRF9Vc3VhcmlvIjoiMTUzNTcyNzgiLCJSRFAwMl9JTlNUQU5DRSI6IlJEUDAyX0lOUzEiLCJSRFAwM19JTlNUQU5DRSI6IlJEUDAzX0lOUzIiLCJOb21icmVfVXN1YXJpbyI6ImJyaWdpZGFfZ29uemFsZXNfMTUzNSIsIlJvbCI6IkEiLCJpYXQiOjE3NTE5NTc3ODAsImV4cCI6MTc1MTk3NTc4MH0.VXyQKGB3ugwhx_E5MJ4vhCQf3cZeXW5YXAKohd_Idhk
1 > Content-Type: application/json; charset=UTF-8
1 > Content-Length: 70
1 > Host: siasis-dev.vercel.app
1 > Connection: Keep-Alive
1 > User-Agent: Apache-HttpClient/4.5.14 (Java/17.0.12)
1 > Accept-Encoding: gzip,deflate
{
  "ModoRegistro": "E",
  "FechaHoraEsperadaISO": "2025-07-08T05:56:30.766Z"
}


01:56:30.871 [pool-2-thread-4] DEBUG com.intuit.karate - response time in milliseconds: 1096
1 < 200
1 < Cache-Control: public, max-age=0, must-revalidate
1 < Content-Type: application/json
1 < Date: Tue, 08 Jul 2025 06:56:21 GMT
1 < Server: Vercel
1 < Strict-Transport-Security: max-age=63072000; includeSubDomains; preload
1 < Vary: RSC, Next-Router-State-Tree, Next-Router-Prefetch, Next-Router-Segment-Prefetch
1 < X-Matched-Path: /api/asistencia-hoy/marcar
1 < X-Vercel-Cache: MISS
1 < X-Vercel-Id: gru1::iad1::bdvft-1751957780580-b036ae1df22b
1 < Transfer-Encoding: chunked
{
  "success": true,
  "message": "La asistencia ya había sido registrada anteriormente",
  "data": {
    "timestamp": 1751957780893,
    "desfaseSegundos": 3591,
    "esNuevoRegistro": false,
    "esRegistroPropio": false,
    "actorRegistrado": "D",
    "tipoAsistencia": "personal"
  }
}


01:56:30.875 [pool-2-thread-4] DEBUG c.intuit.karate.core.ScenarioEngine - over-writing existing variable 'loginFeature' with new value: 'classpath:resources/features/login/Auxiliar.feature'
01:56:30.880 [pool-2-thread-4] DEBUG c.intuit.karate.core.ScenarioEngine - over-writing existing variable 'loginResponse' with new value: call read(loginFeature)
01:56:30.890 [pool-2-thread-4] DEBUG com.intuit.karate - request:
1 > POST https://api01-siasis-dev.vercel.app/api/login/auxiliar
1 > Cookie: Apellidos=Cullanco%20Espilco; Google_Drive_Foto_ID=1pMkv-ba_T2mBKxjp_zBTZtgWEjwxPxdu; Nombres=Elena%20Serafina; Genero=F; Rol=D; token=eyJhbGciOiJIUzI1NiIsInR5cCI6IkpXVCJ9.eyJJRF9Vc3VhcmlvIjoiMSIsIk5vbWJyZV9Vc3VhcmlvIjoiZGlyZWN0b3IuYXN1bmNpb244IiwiUkRQMDJfSU5TVEFOQ0UiOiJSRFAwMl9JTlMyIiwiUkRQMDNfSU5TVEFOQ0UiOiJSRFAwM19JTlMzIiwiUm9sIjoiRCIsImlhdCI6MTc1MTk1Nzc3OSwiZXhwIjoxNzUxOTc1Nzc5fQ.-KwSFRBdxet8m6YNqxD7lXrm-fxxM6sFvXEUc7p8Ze4
1 > Content-Type: application/json; charset=UTF-8
1 > Content-Length: 67
1 > Host: api01-siasis-dev.vercel.app
1 > Connection: Keep-Alive
1 > User-Agent: Apache-HttpClient/4.5.14 (Java/17.0.12)
1 > Accept-Encoding: gzip,deflate
{
  "Nombre_Usuario": "brigida_gonzales_1535",
  "Contraseña": "15357278"
}


01:56:30.952 [pool-2-thread-1] DEBUG com.intuit.karate - response time in milliseconds: 535
1 < 200
1 < Access-Control-Allow-Origin: *
1 < Cache-Control: public, max-age=0, must-revalidate
1 < Content-Length: 515
1 < Content-Type: application/json; charset=utf-8
1 < Date: Tue, 08 Jul 2025 06:56:21 GMT
1 < Etag: W/"203-MEejCSzJFeOIipFIyZrzIJXKbk8"
1 < Server: Vercel
1 < Strict-Transport-Security: max-age=63072000; includeSubDomains; preload
1 < X-Powered-By: Express
1 < X-Vercel-Cache: MISS
1 < X-Vercel-Id: gru1::iad1::lrpdm-1751957781216-1a4f8142152c
{
  "success": true,
  "message": "Inicio de sesión exitoso",
  "data": {
    "Apellidos": "Gonzales Morales",
    "Nombres": "Brigida",
    "Rol": "A",
    "token": "eyJhbGciOiJIUzI1NiIsInR5cCI6IkpXVCJ9.eyJJRF9Vc3VhcmlvIjoiMTUzNTcyNzgiLCJSRFAwMl9JTlNUQU5DRSI6IlJEUDAyX0lOUzMiLCJSRFAwM19JTlNUQU5DRSI6IlJEUDAzX0lOUzUiLCJOb21icmVfVXN1YXJpbyI6ImJyaWdpZGFfZ29uemFsZXNfMTUzNSIsIlJvbCI6IkEiLCJpYXQiOjE3NTE5NTc3ODEsImV4cCI6MTc1MTk3NTc4MX0.4bt6Gv9oyyiEX29tMLhn9qd16VJxHFnVrc5OIPTEQuY",
    "Google_Drive_Foto_ID": "12CrZ2Z8qd2FGzo0UeOURh3turASgkZ-8",
    "Genero": "F"
  }
}


01:56:30.955 [pool-2-thread-1] INFO  com.intuit.karate - [print] eyJhbGciOiJIUzI1NiIsInR5cCI6IkpXVCJ9.eyJJRF9Vc3VhcmlvIjoiMTUzNTcyNzgiLCJSRFAwMl9JTlNUQU5DRSI6IlJEUDAyX0lOUzMiLCJSRFAwM19JTlNUQU5DRSI6IlJEUDAzX0lOUzUiLCJOb21icmVfVXN1YXJpbyI6ImJyaWdpZGFfZ29uemFsZXNfMTUzNSIsIlJvbCI6IkEiLCJpYXQiOjE3NTE5NTc3ODEsImV4cCI6MTc1MTk3NTc4MX0.4bt6Gv9oyyiEX29tMLhn9qd16VJxHFnVrc5OIPTEQuY 
01:56:30.956 [pool-2-thread-1] INFO  com.intuit.karate - [print] A 
01:56:30.959 [pool-2-thread-1] DEBUG com.intuit.karate - request:
1 > POST https://siasis-dev.vercel.app/api/auth/login
1 > Cookie: Apellidos=Cullanco%20Espilco; Google_Drive_Foto_ID=1pMkv-ba_T2mBKxjp_zBTZtgWEjwxPxdu; Nombres=Elena%20Serafina; Genero=F; Rol=D; token=eyJhbGciOiJIUzI1NiIsInR5cCI6IkpXVCJ9.eyJJRF9Vc3VhcmlvIjoiMSIsIk5vbWJyZV9Vc3VhcmlvIjoiZGlyZWN0b3IuYXN1bmNpb244IiwiUkRQMDJfSU5TVEFOQ0UiOiJSRFAwMl9JTlMxIiwiUkRQMDNfSU5TVEFOQ0UiOiJSRFAwM19JTlM0IiwiUm9sIjoiRCIsImlhdCI6MTc1MTk1Nzc3OSwiZXhwIjoxNzUxOTc1Nzc5fQ.9YbeiMgVUHk6JaFmx5IgfOnWrrIcuCCPE1hgyu-4v30
1 > Content-Type: application/json; charset=UTF-8
1 > Content-Length: 453
1 > Host: siasis-dev.vercel.app
1 > Connection: Keep-Alive
1 > User-Agent: Apache-HttpClient/4.5.14 (Java/17.0.12)
1 > Accept-Encoding: gzip,deflate
{
  "Nombres": "Brigida",
  "Apellidos": "Gonzales Morales",
  "token": "eyJhbGciOiJIUzI1NiIsInR5cCI6IkpXVCJ9.eyJJRF9Vc3VhcmlvIjoiMTUzNTcyNzgiLCJSRFAwMl9JTlNUQU5DRSI6IlJEUDAyX0lOUzMiLCJSRFAwM19JTlNUQU5DRSI6IlJEUDAzX0lOUzUiLCJOb21icmVfVXN1YXJpbyI6ImJyaWdpZGFfZ29uemFsZXNfMTUzNSIsIlJvbCI6IkEiLCJpYXQiOjE3NTE5NTc3ODEsImV4cCI6MTc1MTk3NTc4MX0.4bt6Gv9oyyiEX29tMLhn9qd16VJxHFnVrc5OIPTEQuY",
  "Genero": "F",
  "Google_Drive_Foto_ID": "12CrZ2Z8qd2FGzo0UeOURh3turASgkZ-8",
  "Rol": "A"
}


01:56:31.131 [pool-2-thread-2] DEBUG com.intuit.karate - response time in milliseconds: 554
1 < 200
1 < Access-Control-Allow-Origin: *
1 < Cache-Control: public, max-age=0, must-revalidate
1 < Content-Length: 515
1 < Content-Type: application/json; charset=utf-8
1 < Date: Tue, 08 Jul 2025 06:56:21 GMT
1 < Etag: W/"203-MEejCSzJFeOIipFIyZrzIJXKbk8"
1 < Server: Vercel
1 < Strict-Transport-Security: max-age=63072000; includeSubDomains; preload
1 < X-Powered-By: Express
1 < X-Vercel-Cache: MISS
1 < X-Vercel-Id: gru1::iad1::kpjfh-1751957781386-5ca063dd99a4
{
  "success": true,
  "message": "Inicio de sesión exitoso",
  "data": {
    "Apellidos": "Gonzales Morales",
    "Nombres": "Brigida",
    "Rol": "A",
    "token": "eyJhbGciOiJIUzI1NiIsInR5cCI6IkpXVCJ9.eyJJRF9Vc3VhcmlvIjoiMTUzNTcyNzgiLCJSRFAwMl9JTlNUQU5DRSI6IlJEUDAyX0lOUzMiLCJSRFAwM19JTlNUQU5DRSI6IlJEUDAzX0lOUzUiLCJOb21icmVfVXN1YXJpbyI6ImJyaWdpZGFfZ29uemFsZXNfMTUzNSIsIlJvbCI6IkEiLCJpYXQiOjE3NTE5NTc3ODEsImV4cCI6MTc1MTk3NTc4MX0.4bt6Gv9oyyiEX29tMLhn9qd16VJxHFnVrc5OIPTEQuY",
    "Google_Drive_Foto_ID": "12CrZ2Z8qd2FGzo0UeOURh3turASgkZ-8",
    "Genero": "F"
  }
}


01:56:31.134 [pool-2-thread-2] INFO  com.intuit.karate - [print] eyJhbGciOiJIUzI1NiIsInR5cCI6IkpXVCJ9.eyJJRF9Vc3VhcmlvIjoiMTUzNTcyNzgiLCJSRFAwMl9JTlNUQU5DRSI6IlJEUDAyX0lOUzMiLCJSRFAwM19JTlNUQU5DRSI6IlJEUDAzX0lOUzUiLCJOb21icmVfVXN1YXJpbyI6ImJyaWdpZGFfZ29uemFsZXNfMTUzNSIsIlJvbCI6IkEiLCJpYXQiOjE3NTE5NTc3ODEsImV4cCI6MTc1MTk3NTc4MX0.4bt6Gv9oyyiEX29tMLhn9qd16VJxHFnVrc5OIPTEQuY 
01:56:31.136 [pool-2-thread-2] INFO  com.intuit.karate - [print] A 
01:56:31.139 [pool-2-thread-2] DEBUG com.intuit.karate - request:
1 > POST https://siasis-dev.vercel.app/api/auth/login
1 > Cookie: Apellidos=Cullanco%20Espilco; Google_Drive_Foto_ID=1pMkv-ba_T2mBKxjp_zBTZtgWEjwxPxdu; Nombres=Elena%20Serafina; Genero=F; Rol=D; token=eyJhbGciOiJIUzI1NiIsInR5cCI6IkpXVCJ9.eyJJRF9Vc3VhcmlvIjoiMSIsIk5vbWJyZV9Vc3VhcmlvIjoiZGlyZWN0b3IuYXN1bmNpb244IiwiUkRQMDJfSU5TVEFOQ0UiOiJSRFAwMl9JTlMyIiwiUkRQMDNfSU5TVEFOQ0UiOiJSRFAwM19JTlMzIiwiUm9sIjoiRCIsImlhdCI6MTc1MTk1Nzc3OSwiZXhwIjoxNzUxOTc1Nzc5fQ.-KwSFRBdxet8m6YNqxD7lXrm-fxxM6sFvXEUc7p8Ze4
1 > Content-Type: application/json; charset=UTF-8
1 > Content-Length: 453
1 > Host: siasis-dev.vercel.app
1 > Connection: Keep-Alive
1 > User-Agent: Apache-HttpClient/4.5.14 (Java/17.0.12)
1 > Accept-Encoding: gzip,deflate
{
  "Nombres": "Brigida",
  "Apellidos": "Gonzales Morales",
  "token": "eyJhbGciOiJIUzI1NiIsInR5cCI6IkpXVCJ9.eyJJRF9Vc3VhcmlvIjoiMTUzNTcyNzgiLCJSRFAwMl9JTlNUQU5DRSI6IlJEUDAyX0lOUzMiLCJSRFAwM19JTlNUQU5DRSI6IlJEUDAzX0lOUzUiLCJOb21icmVfVXN1YXJpbyI6ImJyaWdpZGFfZ29uemFsZXNfMTUzNSIsIlJvbCI6IkEiLCJpYXQiOjE3NTE5NTc3ODEsImV4cCI6MTc1MTk3NTc4MX0.4bt6Gv9oyyiEX29tMLhn9qd16VJxHFnVrc5OIPTEQuY",
  "Genero": "F",
  "Google_Drive_Foto_ID": "12CrZ2Z8qd2FGzo0UeOURh3turASgkZ-8",
  "Rol": "A"
}


01:56:31.233 [pool-2-thread-3] DEBUG com.intuit.karate - response time in milliseconds: 520
1 < 200
1 < Access-Control-Allow-Origin: *
1 < Cache-Control: public, max-age=0, must-revalidate
1 < Content-Length: 515
1 < Content-Type: application/json; charset=utf-8
1 < Date: Tue, 08 Jul 2025 06:56:21 GMT
1 < Etag: W/"203-qGtlUh9ZBXcSakekH1vZa9ovVVM"
1 < Server: Vercel
1 < Strict-Transport-Security: max-age=63072000; includeSubDomains; preload
1 < X-Powered-By: Express
1 < X-Vercel-Cache: MISS
1 < X-Vercel-Id: gru1::iad1::hxpww-1751957781510-de493ec00026
{
  "success": true,
  "message": "Inicio de sesión exitoso",
  "data": {
    "Apellidos": "Gonzales Morales",
    "Nombres": "Brigida",
    "Rol": "A",
    "token": "eyJhbGciOiJIUzI1NiIsInR5cCI6IkpXVCJ9.eyJJRF9Vc3VhcmlvIjoiMTUzNTcyNzgiLCJSRFAwMl9JTlNUQU5DRSI6IlJEUDAyX0lOUzIiLCJSRFAwM19JTlNUQU5DRSI6IlJEUDAzX0lOUzIiLCJOb21icmVfVXN1YXJpbyI6ImJyaWdpZGFfZ29uemFsZXNfMTUzNSIsIlJvbCI6IkEiLCJpYXQiOjE3NTE5NTc3ODEsImV4cCI6MTc1MTk3NTc4MX0.QynInCs7gXrj_LnR5-7aQzF_WxeKnkuRd_bPQWyQ2fM",
    "Google_Drive_Foto_ID": "12CrZ2Z8qd2FGzo0UeOURh3turASgkZ-8",
    "Genero": "F"
  }
}


01:56:31.237 [pool-2-thread-3] INFO  com.intuit.karate - [print] eyJhbGciOiJIUzI1NiIsInR5cCI6IkpXVCJ9.eyJJRF9Vc3VhcmlvIjoiMTUzNTcyNzgiLCJSRFAwMl9JTlNUQU5DRSI6IlJEUDAyX0lOUzIiLCJSRFAwM19JTlNUQU5DRSI6IlJEUDAzX0lOUzIiLCJOb21icmVfVXN1YXJpbyI6ImJyaWdpZGFfZ29uemFsZXNfMTUzNSIsIlJvbCI6IkEiLCJpYXQiOjE3NTE5NTc3ODEsImV4cCI6MTc1MTk3NTc4MX0.QynInCs7gXrj_LnR5-7aQzF_WxeKnkuRd_bPQWyQ2fM 
01:56:31.239 [pool-2-thread-3] INFO  com.intuit.karate - [print] A 
01:56:31.242 [pool-2-thread-3] DEBUG com.intuit.karate - request:
1 > POST https://siasis-dev.vercel.app/api/auth/login
1 > Cookie: Apellidos=Cullanco%20Espilco; Google_Drive_Foto_ID=1pMkv-ba_T2mBKxjp_zBTZtgWEjwxPxdu; Nombres=Elena%20Serafina; Genero=F; Rol=D; token=eyJhbGciOiJIUzI1NiIsInR5cCI6IkpXVCJ9.eyJJRF9Vc3VhcmlvIjoiMSIsIk5vbWJyZV9Vc3VhcmlvIjoiZGlyZWN0b3IuYXN1bmNpb244IiwiUkRQMDJfSU5TVEFOQ0UiOiJSRFAwMl9JTlMzIiwiUkRQMDNfSU5TVEFOQ0UiOiJSRFAwM19JTlMyIiwiUm9sIjoiRCIsImlhdCI6MTc1MTk1Nzc3OSwiZXhwIjoxNzUxOTc1Nzc5fQ.g711wxr5tV5MSLMFVXKQdUpUwg3df40Odivb46hbxgE
1 > Content-Type: application/json; charset=UTF-8
1 > Content-Length: 453
1 > Host: siasis-dev.vercel.app
1 > Connection: Keep-Alive
1 > User-Agent: Apache-HttpClient/4.5.14 (Java/17.0.12)
1 > Accept-Encoding: gzip,deflate
{
  "Nombres": "Brigida",
  "Apellidos": "Gonzales Morales",
  "token": "eyJhbGciOiJIUzI1NiIsInR5cCI6IkpXVCJ9.eyJJRF9Vc3VhcmlvIjoiMTUzNTcyNzgiLCJSRFAwMl9JTlNUQU5DRSI6IlJEUDAyX0lOUzIiLCJSRFAwM19JTlNUQU5DRSI6IlJEUDAzX0lOUzIiLCJOb21icmVfVXN1YXJpbyI6ImJyaWdpZGFfZ29uemFsZXNfMTUzNSIsIlJvbCI6IkEiLCJpYXQiOjE3NTE5NTc3ODEsImV4cCI6MTc1MTk3NTc4MX0.QynInCs7gXrj_LnR5-7aQzF_WxeKnkuRd_bPQWyQ2fM",
  "Genero": "F",
  "Google_Drive_Foto_ID": "12CrZ2Z8qd2FGzo0UeOURh3turASgkZ-8",
  "Rol": "A"
}


01:56:31.368 [pool-2-thread-5] DEBUG com.intuit.karate - response time in milliseconds: 594
1 < 200
1 < Cache-Control: public, max-age=0, must-revalidate
1 < Content-Type: application/json
1 < Date: Tue, 08 Jul 2025 06:56:21 GMT
1 < Server: Vercel
1 < Strict-Transport-Security: max-age=63072000; includeSubDomains; preload
1 < Vary: RSC, Next-Router-State-Tree, Next-Router-Prefetch, Next-Router-Segment-Prefetch
1 < X-Matched-Path: /api/asistencia-hoy/marcar
1 < X-Vercel-Cache: MISS
1 < X-Vercel-Id: gru1::iad1::zdj87-1751957781569-08935929c5d8
1 < Transfer-Encoding: chunked
{
  "success": true,
  "message": "La asistencia ya había sido registrada anteriormente",
  "data": {
    "timestamp": 1751957781687,
    "desfaseSegundos": 3590,
    "esNuevoRegistro": false,
    "esRegistroPropio": false,
    "actorRegistrado": "A",
    "tipoAsistencia": "personal"
  }
}


01:56:31.373 [pool-2-thread-1] DEBUG com.intuit.karate - response time in milliseconds: 412
1 < 201
1 < Cache-Control: public, max-age=0, must-revalidate
1 < Content-Length: 0
1 < Date: Tue, 08 Jul 2025 06:56:21 GMT
1 < Server: Vercel
1 < Set-Cookie: Nombres=Brigida; Max-Age=18000; Path=/; HttpOnly; Secure; SameSite=Lax
1 < Set-Cookie: Apellidos=Gonzales%20Morales; Max-Age=18000; Path=/; HttpOnly; Secure; SameSite=Lax
1 < Set-Cookie: Rol=A; Max-Age=18000; Path=/; HttpOnly; Secure; SameSite=Lax
1 < Set-Cookie: token=eyJhbGciOiJIUzI1NiIsInR5cCI6IkpXVCJ9.eyJJRF9Vc3VhcmlvIjoiMTUzNTcyNzgiLCJSRFAwMl9JTlNUQU5DRSI6IlJEUDAyX0lOUzMiLCJSRFAwM19JTlNUQU5DRSI6IlJEUDAzX0lOUzUiLCJOb21icmVfVXN1YXJpbyI6ImJyaWdpZGFfZ29uemFsZXNfMTUzNSIsIlJvbCI6IkEiLCJpYXQiOjE3NTE5NTc3ODEsImV4cCI6MTc1MTk3NTc4MX0.4bt6Gv9oyyiEX29tMLhn9qd16VJxHFnVrc5OIPTEQuY; Max-Age=18000; Path=/; HttpOnly; Secure; SameSite=Lax
1 < Set-Cookie: Genero=F; Max-Age=18000; Path=/; HttpOnly; Secure; SameSite=Lax
1 < Set-Cookie: Google_Drive_Foto_ID=12CrZ2Z8qd2FGzo0UeOURh3turASgkZ-8; Max-Age=18000; Path=/; HttpOnly; Secure; SameSite=Lax
1 < Strict-Transport-Security: max-age=63072000; includeSubDomains; preload
1 < Vary: RSC, Next-Router-State-Tree, Next-Router-Prefetch, Next-Router-Segment-Prefetch
1 < X-Matched-Path: /api/auth/login
1 < X-Vercel-Cache: MISS
1 < X-Vercel-Id: gru1::iad1::cq8gr-1751957781757-58d40c7d0773


01:56:31.376 [pool-2-thread-1] DEBUG c.intuit.karate.core.ScenarioEngine - over-writing existing variable 'fechaHoraEsperadaISO' with new value: getAdjustedTime()
01:56:31.377 [pool-2-thread-5] DEBUG c.intuit.karate.core.ScenarioEngine - over-writing existing variable 'loginFeature' with new value: 'classpath:resources/features/login/CasoTutorSecundaria.feature'
01:56:31.381 [pool-2-thread-1] DEBUG com.intuit.karate - request:
1 > POST https://siasis-dev.vercel.app/api/asistencia-hoy/marcar
1 > Cookie: Apellidos=Gonzales%20Morales; Google_Drive_Foto_ID=12CrZ2Z8qd2FGzo0UeOURh3turASgkZ-8; Nombres=Brigida; Genero=F; Rol=A; token=eyJhbGciOiJIUzI1NiIsInR5cCI6IkpXVCJ9.eyJJRF9Vc3VhcmlvIjoiMTUzNTcyNzgiLCJSRFAwMl9JTlNUQU5DRSI6IlJEUDAyX0lOUzMiLCJSRFAwM19JTlNUQU5DRSI6IlJEUDAzX0lOUzUiLCJOb21icmVfVXN1YXJpbyI6ImJyaWdpZGFfZ29uemFsZXNfMTUzNSIsIlJvbCI6IkEiLCJpYXQiOjE3NTE5NTc3ODEsImV4cCI6MTc1MTk3NTc4MX0.4bt6Gv9oyyiEX29tMLhn9qd16VJxHFnVrc5OIPTEQuY
1 > Content-Type: application/json; charset=UTF-8
1 > Content-Length: 70
1 > Host: siasis-dev.vercel.app
1 > Connection: Keep-Alive
1 > User-Agent: Apache-HttpClient/4.5.14 (Java/17.0.12)
1 > Accept-Encoding: gzip,deflate
{
  "ModoRegistro": "E",
  "FechaHoraEsperadaISO": "2025-07-08T05:56:31.376Z"
}


01:56:31.388 [pool-2-thread-5] DEBUG c.intuit.karate.core.ScenarioEngine - over-writing existing variable 'loginResponse' with new value: call read(loginFeature)
01:56:31.395 [pool-2-thread-5] DEBUG com.intuit.karate - request:
1 > POST https://api01-siasis-dev.vercel.app/api/login/profesor-tutor-secundaria
1 > Cookie: Apellidos=Gonzales%20Morales; Google_Drive_Foto_ID=1zMyKrzbyqYhCZX-7usVpUfzuwOvRpQtA; Nombres=Brigida; Genero=F; Rol=A; token=eyJhbGciOiJIUzI1NiIsInR5cCI6IkpXVCJ9.eyJJRF9Vc3VhcmlvIjoiMTUzNTcyNzgiLCJSRFAwMl9JTlNUQU5DRSI6IlJEUDAyX0lOUzEiLCJSRFAwM19JTlNUQU5DRSI6IlJEUDAzX0lOUzIiLCJOb21icmVfVXN1YXJpbyI6ImJyaWdpZGFfZ29uemFsZXNfMTUzNSIsIlJvbCI6IkEiLCJpYXQiOjE3NTE5NTc3ODAsImV4cCI6MTc1MTk3NTc4MH0.VXyQKGB3ugwhx_E5MJ4vhCQf3cZeXW5YXAKohd_Idhk
1 > Content-Type: application/json; charset=UTF-8
1 > Content-Length: 65
1 > Host: api01-siasis-dev.vercel.app
1 > Connection: Keep-Alive
1 > User-Agent: Apache-HttpClient/4.5.14 (Java/17.0.12)
1 > Accept-Encoding: gzip,deflate
{
  "Nombre_Usuario": "daniel_sanchez_1542",
  "Contraseña": "15420745"
}


01:56:31.422 [pool-2-thread-4] DEBUG com.intuit.karate - response time in milliseconds: 531
1 < 200
1 < Access-Control-Allow-Origin: *
1 < Cache-Control: public, max-age=0, must-revalidate
1 < Content-Length: 515
1 < Content-Type: application/json; charset=utf-8
1 < Date: Tue, 08 Jul 2025 06:56:21 GMT
1 < Etag: W/"203-Cp2qequL7rWE6m8PaIxDo6VRm60"
1 < Server: Vercel
1 < Strict-Transport-Security: max-age=63072000; includeSubDomains; preload
1 < X-Powered-By: Express
1 < X-Vercel-Cache: MISS
1 < X-Vercel-Id: gru1::iad1::cmdlq-1751957781686-18de8ab90f2f
{
  "success": true,
  "message": "Inicio de sesión exitoso",
  "data": {
    "Apellidos": "Gonzales Morales",
    "Nombres": "Brigida",
    "Rol": "A",
    "token": "eyJhbGciOiJIUzI1NiIsInR5cCI6IkpXVCJ9.eyJJRF9Vc3VhcmlvIjoiMTUzNTcyNzgiLCJSRFAwMl9JTlNUQU5DRSI6IlJEUDAyX0lOUzIiLCJSRFAwM19JTlNUQU5DRSI6IlJEUDAzX0lOUzEiLCJOb21icmVfVXN1YXJpbyI6ImJyaWdpZGFfZ29uemFsZXNfMTUzNSIsIlJvbCI6IkEiLCJpYXQiOjE3NTE5NTc3ODEsImV4cCI6MTc1MTk3NTc4MX0.fASpI_MqNHp2RweWL5Z4aTipf0YpR_DIbVO-gfmr4jo",
    "Google_Drive_Foto_ID": "12CrZ2Z8qd2FGzo0UeOURh3turASgkZ-8",
    "Genero": "F"
  }
}


01:56:31.425 [pool-2-thread-4] INFO  com.intuit.karate - [print] eyJhbGciOiJIUzI1NiIsInR5cCI6IkpXVCJ9.eyJJRF9Vc3VhcmlvIjoiMTUzNTcyNzgiLCJSRFAwMl9JTlNUQU5DRSI6IlJEUDAyX0lOUzIiLCJSRFAwM19JTlNUQU5DRSI6IlJEUDAzX0lOUzEiLCJOb21icmVfVXN1YXJpbyI6ImJyaWdpZGFfZ29uemFsZXNfMTUzNSIsIlJvbCI6IkEiLCJpYXQiOjE3NTE5NTc3ODEsImV4cCI6MTc1MTk3NTc4MX0.fASpI_MqNHp2RweWL5Z4aTipf0YpR_DIbVO-gfmr4jo 
01:56:31.426 [pool-2-thread-4] INFO  com.intuit.karate - [print] A 
01:56:31.429 [pool-2-thread-4] DEBUG com.intuit.karate - request:
1 > POST https://siasis-dev.vercel.app/api/auth/login
1 > Cookie: Apellidos=Cullanco%20Espilco; Google_Drive_Foto_ID=1pMkv-ba_T2mBKxjp_zBTZtgWEjwxPxdu; Nombres=Elena%20Serafina; Genero=F; Rol=D; token=eyJhbGciOiJIUzI1NiIsInR5cCI6IkpXVCJ9.eyJJRF9Vc3VhcmlvIjoiMSIsIk5vbWJyZV9Vc3VhcmlvIjoiZGlyZWN0b3IuYXN1bmNpb244IiwiUkRQMDJfSU5TVEFOQ0UiOiJSRFAwMl9JTlMyIiwiUkRQMDNfSU5TVEFOQ0UiOiJSRFAwM19JTlMzIiwiUm9sIjoiRCIsImlhdCI6MTc1MTk1Nzc3OSwiZXhwIjoxNzUxOTc1Nzc5fQ.-KwSFRBdxet8m6YNqxD7lXrm-fxxM6sFvXEUc7p8Ze4
1 > Content-Type: application/json; charset=UTF-8
1 > Content-Length: 453
1 > Host: siasis-dev.vercel.app
1 > Connection: Keep-Alive
1 > User-Agent: Apache-HttpClient/4.5.14 (Java/17.0.12)
1 > Accept-Encoding: gzip,deflate
{
  "Nombres": "Brigida",
  "Apellidos": "Gonzales Morales",
  "token": "eyJhbGciOiJIUzI1NiIsInR5cCI6IkpXVCJ9.eyJJRF9Vc3VhcmlvIjoiMTUzNTcyNzgiLCJSRFAwMl9JTlNUQU5DRSI6IlJEUDAyX0lOUzIiLCJSRFAwM19JTlNUQU5DRSI6IlJEUDAzX0lOUzEiLCJOb21icmVfVXN1YXJpbyI6ImJyaWdpZGFfZ29uemFsZXNfMTUzNSIsIlJvbCI6IkEiLCJpYXQiOjE3NTE5NTc3ODEsImV4cCI6MTc1MTk3NTc4MX0.fASpI_MqNHp2RweWL5Z4aTipf0YpR_DIbVO-gfmr4jo",
  "Genero": "F",
  "Google_Drive_Foto_ID": "12CrZ2Z8qd2FGzo0UeOURh3turASgkZ-8",
  "Rol": "A"
}


01:56:31.599 [pool-2-thread-2] DEBUG com.intuit.karate - response time in milliseconds: 457
1 < 201
1 < Cache-Control: public, max-age=0, must-revalidate
1 < Content-Length: 0
1 < Date: Tue, 08 Jul 2025 06:56:22 GMT
1 < Server: Vercel
1 < Set-Cookie: Nombres=Brigida; Max-Age=18000; Path=/; HttpOnly; Secure; SameSite=Lax
1 < Set-Cookie: Apellidos=Gonzales%20Morales; Max-Age=18000; Path=/; HttpOnly; Secure; SameSite=Lax
1 < Set-Cookie: Rol=A; Max-Age=18000; Path=/; HttpOnly; Secure; SameSite=Lax
1 < Set-Cookie: token=eyJhbGciOiJIUzI1NiIsInR5cCI6IkpXVCJ9.eyJJRF9Vc3VhcmlvIjoiMTUzNTcyNzgiLCJSRFAwMl9JTlNUQU5DRSI6IlJEUDAyX0lOUzMiLCJSRFAwM19JTlNUQU5DRSI6IlJEUDAzX0lOUzUiLCJOb21icmVfVXN1YXJpbyI6ImJyaWdpZGFfZ29uemFsZXNfMTUzNSIsIlJvbCI6IkEiLCJpYXQiOjE3NTE5NTc3ODEsImV4cCI6MTc1MTk3NTc4MX0.4bt6Gv9oyyiEX29tMLhn9qd16VJxHFnVrc5OIPTEQuY; Max-Age=18000; Path=/; HttpOnly; Secure; SameSite=Lax
1 < Set-Cookie: Genero=F; Max-Age=18000; Path=/; HttpOnly; Secure; SameSite=Lax
1 < Set-Cookie: Google_Drive_Foto_ID=12CrZ2Z8qd2FGzo0UeOURh3turASgkZ-8; Max-Age=18000; Path=/; HttpOnly; Secure; SameSite=Lax
1 < Strict-Transport-Security: max-age=63072000; includeSubDomains; preload
1 < Vary: RSC, Next-Router-State-Tree, Next-Router-Prefetch, Next-Router-Segment-Prefetch
1 < X-Matched-Path: /api/auth/login
1 < X-Vercel-Cache: MISS
1 < X-Vercel-Id: gru1::iad1::cq8gr-1751957781939-c94cc6ed004b


01:56:31.602 [pool-2-thread-2] DEBUG c.intuit.karate.core.ScenarioEngine - over-writing existing variable 'fechaHoraEsperadaISO' with new value: getAdjustedTime()
01:56:31.606 [pool-2-thread-2] DEBUG com.intuit.karate - request:
1 > POST https://siasis-dev.vercel.app/api/asistencia-hoy/marcar
1 > Cookie: Apellidos=Gonzales%20Morales; Google_Drive_Foto_ID=12CrZ2Z8qd2FGzo0UeOURh3turASgkZ-8; Nombres=Brigida; Genero=F; Rol=A; token=eyJhbGciOiJIUzI1NiIsInR5cCI6IkpXVCJ9.eyJJRF9Vc3VhcmlvIjoiMTUzNTcyNzgiLCJSRFAwMl9JTlNUQU5DRSI6IlJEUDAyX0lOUzMiLCJSRFAwM19JTlNUQU5DRSI6IlJEUDAzX0lOUzUiLCJOb21icmVfVXN1YXJpbyI6ImJyaWdpZGFfZ29uemFsZXNfMTUzNSIsIlJvbCI6IkEiLCJpYXQiOjE3NTE5NTc3ODEsImV4cCI6MTc1MTk3NTc4MX0.4bt6Gv9oyyiEX29tMLhn9qd16VJxHFnVrc5OIPTEQuY
1 > Content-Type: application/json; charset=UTF-8
1 > Content-Length: 70
1 > Host: siasis-dev.vercel.app
1 > Connection: Keep-Alive
1 > User-Agent: Apache-HttpClient/4.5.14 (Java/17.0.12)
1 > Accept-Encoding: gzip,deflate
{
  "ModoRegistro": "E",
  "FechaHoraEsperadaISO": "2025-07-08T05:56:31.602Z"
}


01:56:31.673 [pool-2-thread-3] DEBUG com.intuit.karate - response time in milliseconds: 429
1 < 201
1 < Cache-Control: public, max-age=0, must-revalidate
1 < Content-Length: 0
1 < Date: Tue, 08 Jul 2025 06:56:22 GMT
1 < Server: Vercel
1 < Set-Cookie: Nombres=Brigida; Max-Age=18000; Path=/; HttpOnly; Secure; SameSite=Lax
1 < Set-Cookie: Apellidos=Gonzales%20Morales; Max-Age=18000; Path=/; HttpOnly; Secure; SameSite=Lax
1 < Set-Cookie: Rol=A; Max-Age=18000; Path=/; HttpOnly; Secure; SameSite=Lax
1 < Set-Cookie: token=eyJhbGciOiJIUzI1NiIsInR5cCI6IkpXVCJ9.eyJJRF9Vc3VhcmlvIjoiMTUzNTcyNzgiLCJSRFAwMl9JTlNUQU5DRSI6IlJEUDAyX0lOUzIiLCJSRFAwM19JTlNUQU5DRSI6IlJEUDAzX0lOUzIiLCJOb21icmVfVXN1YXJpbyI6ImJyaWdpZGFfZ29uemFsZXNfMTUzNSIsIlJvbCI6IkEiLCJpYXQiOjE3NTE5NTc3ODEsImV4cCI6MTc1MTk3NTc4MX0.QynInCs7gXrj_LnR5-7aQzF_WxeKnkuRd_bPQWyQ2fM; Max-Age=18000; Path=/; HttpOnly; Secure; SameSite=Lax
1 < Set-Cookie: Genero=F; Max-Age=18000; Path=/; HttpOnly; Secure; SameSite=Lax
1 < Set-Cookie: Google_Drive_Foto_ID=12CrZ2Z8qd2FGzo0UeOURh3turASgkZ-8; Max-Age=18000; Path=/; HttpOnly; Secure; SameSite=Lax
1 < Strict-Transport-Security: max-age=63072000; includeSubDomains; preload
1 < Vary: RSC, Next-Router-State-Tree, Next-Router-Prefetch, Next-Router-Segment-Prefetch
1 < X-Matched-Path: /api/auth/login
1 < X-Vercel-Cache: MISS
1 < X-Vercel-Id: gru1::iad1::kr4zd-1751957782041-08a784561c96


01:56:31.675 [pool-2-thread-3] DEBUG c.intuit.karate.core.ScenarioEngine - over-writing existing variable 'fechaHoraEsperadaISO' with new value: getAdjustedTime()
01:56:31.680 [pool-2-thread-3] DEBUG com.intuit.karate - request:
1 > POST https://siasis-dev.vercel.app/api/asistencia-hoy/marcar
1 > Cookie: Apellidos=Gonzales%20Morales; Google_Drive_Foto_ID=12CrZ2Z8qd2FGzo0UeOURh3turASgkZ-8; Nombres=Brigida; Genero=F; Rol=A; token=eyJhbGciOiJIUzI1NiIsInR5cCI6IkpXVCJ9.eyJJRF9Vc3VhcmlvIjoiMTUzNTcyNzgiLCJSRFAwMl9JTlNUQU5DRSI6IlJEUDAyX0lOUzIiLCJSRFAwM19JTlNUQU5DRSI6IlJEUDAzX0lOUzIiLCJOb21icmVfVXN1YXJpbyI6ImJyaWdpZGFfZ29uemFsZXNfMTUzNSIsIlJvbCI6IkEiLCJpYXQiOjE3NTE5NTc3ODEsImV4cCI6MTc1MTk3NTc4MX0.QynInCs7gXrj_LnR5-7aQzF_WxeKnkuRd_bPQWyQ2fM
1 > Content-Type: application/json; charset=UTF-8
1 > Content-Length: 70
1 > Host: siasis-dev.vercel.app
1 > Connection: Keep-Alive
1 > User-Agent: Apache-HttpClient/4.5.14 (Java/17.0.12)
1 > Accept-Encoding: gzip,deflate
{
  "ModoRegistro": "E",
  "FechaHoraEsperadaISO": "2025-07-08T05:56:31.677Z"
}


01:56:31.874 [pool-2-thread-4] DEBUG com.intuit.karate - response time in milliseconds: 443
1 < 201
1 < Cache-Control: public, max-age=0, must-revalidate
1 < Content-Length: 0
1 < Date: Tue, 08 Jul 2025 06:56:22 GMT
1 < Server: Vercel
1 < Set-Cookie: Nombres=Brigida; Max-Age=18000; Path=/; HttpOnly; Secure; SameSite=Lax
1 < Set-Cookie: Apellidos=Gonzales%20Morales; Max-Age=18000; Path=/; HttpOnly; Secure; SameSite=Lax
1 < Set-Cookie: Rol=A; Max-Age=18000; Path=/; HttpOnly; Secure; SameSite=Lax
1 < Set-Cookie: token=eyJhbGciOiJIUzI1NiIsInR5cCI6IkpXVCJ9.eyJJRF9Vc3VhcmlvIjoiMTUzNTcyNzgiLCJSRFAwMl9JTlNUQU5DRSI6IlJEUDAyX0lOUzIiLCJSRFAwM19JTlNUQU5DRSI6IlJEUDAzX0lOUzEiLCJOb21icmVfVXN1YXJpbyI6ImJyaWdpZGFfZ29uemFsZXNfMTUzNSIsIlJvbCI6IkEiLCJpYXQiOjE3NTE5NTc3ODEsImV4cCI6MTc1MTk3NTc4MX0.fASpI_MqNHp2RweWL5Z4aTipf0YpR_DIbVO-gfmr4jo; Max-Age=18000; Path=/; HttpOnly; Secure; SameSite=Lax
1 < Set-Cookie: Genero=F; Max-Age=18000; Path=/; HttpOnly; Secure; SameSite=Lax
1 < Set-Cookie: Google_Drive_Foto_ID=12CrZ2Z8qd2FGzo0UeOURh3turASgkZ-8; Max-Age=18000; Path=/; HttpOnly; Secure; SameSite=Lax
1 < Strict-Transport-Security: max-age=63072000; includeSubDomains; preload
1 < Vary: RSC, Next-Router-State-Tree, Next-Router-Prefetch, Next-Router-Segment-Prefetch
1 < X-Matched-Path: /api/auth/login
1 < X-Vercel-Cache: MISS
1 < X-Vercel-Id: gru1::iad1::zh6qw-1751957782228-fc6f44c58f02


01:56:31.875 [pool-2-thread-4] DEBUG c.intuit.karate.core.ScenarioEngine - over-writing existing variable 'fechaHoraEsperadaISO' with new value: getAdjustedTime()
01:56:31.879 [pool-2-thread-4] DEBUG com.intuit.karate - request:
1 > POST https://siasis-dev.vercel.app/api/asistencia-hoy/marcar
1 > Cookie: Apellidos=Gonzales%20Morales; Google_Drive_Foto_ID=12CrZ2Z8qd2FGzo0UeOURh3turASgkZ-8; Nombres=Brigida; Genero=F; Rol=A; token=eyJhbGciOiJIUzI1NiIsInR5cCI6IkpXVCJ9.eyJJRF9Vc3VhcmlvIjoiMTUzNTcyNzgiLCJSRFAwMl9JTlNUQU5DRSI6IlJEUDAyX0lOUzIiLCJSRFAwM19JTlNUQU5DRSI6IlJEUDAzX0lOUzEiLCJOb21icmVfVXN1YXJpbyI6ImJyaWdpZGFfZ29uemFsZXNfMTUzNSIsIlJvbCI6IkEiLCJpYXQiOjE3NTE5NTc3ODEsImV4cCI6MTc1MTk3NTc4MX0.fASpI_MqNHp2RweWL5Z4aTipf0YpR_DIbVO-gfmr4jo
1 > Content-Type: application/json; charset=UTF-8
1 > Content-Length: 70
1 > Host: siasis-dev.vercel.app
1 > Connection: Keep-Alive
1 > User-Agent: Apache-HttpClient/4.5.14 (Java/17.0.12)
1 > Accept-Encoding: gzip,deflate
{
  "ModoRegistro": "E",
  "FechaHoraEsperadaISO": "2025-07-08T05:56:31.876Z"
}


01:56:32.041 [pool-2-thread-1] DEBUG com.intuit.karate - response time in milliseconds: 658
1 < 200
1 < Cache-Control: public, max-age=0, must-revalidate
1 < Content-Type: application/json
1 < Date: Tue, 08 Jul 2025 06:56:22 GMT
1 < Server: Vercel
1 < Strict-Transport-Security: max-age=63072000; includeSubDomains; preload
1 < Vary: RSC, Next-Router-State-Tree, Next-Router-Prefetch, Next-Router-Segment-Prefetch
1 < X-Matched-Path: /api/asistencia-hoy/marcar
1 < X-Vercel-Cache: MISS
1 < X-Vercel-Id: gru1::iad1::knbp6-1751957782221-357dcfdd18d3
1 < Transfer-Encoding: chunked
{
  "success": true,
  "message": "La asistencia ya había sido registrada anteriormente",
  "data": {
    "timestamp": 1751957782356,
    "desfaseSegundos": 3590,
    "esNuevoRegistro": false,
    "esRegistroPropio": false,
    "actorRegistrado": "A",
    "tipoAsistencia": "personal"
  }
}


01:56:32.047 [pool-2-thread-1] DEBUG c.intuit.karate.core.ScenarioEngine - over-writing existing variable 'loginFeature' with new value: 'classpath:resources/features/login/CasoTutorSecundaria.feature'
01:56:32.056 [pool-2-thread-1] DEBUG c.intuit.karate.core.ScenarioEngine - over-writing existing variable 'loginResponse' with new value: call read(loginFeature)
01:56:32.066 [pool-2-thread-1] DEBUG com.intuit.karate - request:
1 > POST https://api01-siasis-dev.vercel.app/api/login/profesor-tutor-secundaria
1 > Cookie: Apellidos=Gonzales%20Morales; Google_Drive_Foto_ID=12CrZ2Z8qd2FGzo0UeOURh3turASgkZ-8; Nombres=Brigida; Genero=F; Rol=A; token=eyJhbGciOiJIUzI1NiIsInR5cCI6IkpXVCJ9.eyJJRF9Vc3VhcmlvIjoiMTUzNTcyNzgiLCJSRFAwMl9JTlNUQU5DRSI6IlJEUDAyX0lOUzMiLCJSRFAwM19JTlNUQU5DRSI6IlJEUDAzX0lOUzUiLCJOb21icmVfVXN1YXJpbyI6ImJyaWdpZGFfZ29uemFsZXNfMTUzNSIsIlJvbCI6IkEiLCJpYXQiOjE3NTE5NTc3ODEsImV4cCI6MTc1MTk3NTc4MX0.4bt6Gv9oyyiEX29tMLhn9qd16VJxHFnVrc5OIPTEQuY
1 > Content-Type: application/json; charset=UTF-8
1 > Content-Length: 65
1 > Host: api01-siasis-dev.vercel.app
1 > Connection: Keep-Alive
1 > User-Agent: Apache-HttpClient/4.5.14 (Java/17.0.12)
1 > Accept-Encoding: gzip,deflate
{
  "Nombre_Usuario": "daniel_sanchez_1542",
  "Contraseña": "15420745"
}


01:56:32.090 [pool-2-thread-5] DEBUG com.intuit.karate - response time in milliseconds: 693
1 < 200
1 < Access-Control-Allow-Origin: *
1 < Cache-Control: public, max-age=0, must-revalidate
1 < Content-Length: 519
1 < Content-Type: application/json; charset=utf-8
1 < Date: Tue, 08 Jul 2025 06:56:22 GMT
1 < Etag: W/"207-VhuZM6+o2Wsa1TsiSKyLUVLww/I"
1 < Server: Vercel
1 < Strict-Transport-Security: max-age=63072000; includeSubDomains; preload
1 < X-Powered-By: Express
1 < X-Vercel-Cache: MISS
1 < X-Vercel-Id: gru1::iad1::zh6qw-1751957782221-db4429d18a48
{
  "success": true,
  "message": "Inicio de sesión exitoso",
  "data": {
    "Apellidos": "Sanchez Gonzales",
    "Nombres": "Daniel Enrique",
    "Rol": "T",
    "token": "eyJhbGciOiJIUzI1NiIsInR5cCI6IkpXVCJ9.eyJJRF9Vc3VhcmlvIjoiMTU0MjA3NDUiLCJOb21icmVfVXN1YXJpbyI6ImRhbmllbF9zYW5jaGV6XzE1NDIiLCJSRFAwMl9JTlNUQU5DRSI6IlJEUDAyX0lOUzIiLCJSRFAwM19JTlNUQU5DRSI6IlJEUDAzX0lOUzQiLCJSb2wiOiJUIiwiaWF0IjoxNzUxOTU3NzgyLCJleHAiOjE3NTE5NzU3ODJ9.F88NzLMODztG3hHmPX_pzjNZu9cpBAPi8CDR06QX0ok",
    "Google_Drive_Foto_ID": "14aAaksU7TNE6kOiFsRt4m5y2LSvnat1b",
    "Genero": "M"
  }
}


01:56:32.094 [pool-2-thread-5] INFO  com.intuit.karate - [print] eyJhbGciOiJIUzI1NiIsInR5cCI6IkpXVCJ9.eyJJRF9Vc3VhcmlvIjoiMTU0MjA3NDUiLCJOb21icmVfVXN1YXJpbyI6ImRhbmllbF9zYW5jaGV6XzE1NDIiLCJSRFAwMl9JTlNUQU5DRSI6IlJEUDAyX0lOUzIiLCJSRFAwM19JTlNUQU5DRSI6IlJEUDAzX0lOUzQiLCJSb2wiOiJUIiwiaWF0IjoxNzUxOTU3NzgyLCJleHAiOjE3NTE5NzU3ODJ9.F88NzLMODztG3hHmPX_pzjNZu9cpBAPi8CDR06QX0ok 
01:56:32.095 [pool-2-thread-5] INFO  com.intuit.karate - [print] T 
01:56:32.098 [pool-2-thread-5] DEBUG com.intuit.karate - request:
1 > POST https://siasis-dev.vercel.app/api/auth/login
1 > Cookie: Apellidos=Gonzales%20Morales; Google_Drive_Foto_ID=1zMyKrzbyqYhCZX-7usVpUfzuwOvRpQtA; Nombres=Brigida; Genero=F; Rol=A; token=eyJhbGciOiJIUzI1NiIsInR5cCI6IkpXVCJ9.eyJJRF9Vc3VhcmlvIjoiMTUzNTcyNzgiLCJSRFAwMl9JTlNUQU5DRSI6IlJEUDAyX0lOUzEiLCJSRFAwM19JTlNUQU5DRSI6IlJEUDAzX0lOUzIiLCJOb21icmVfVXN1YXJpbyI6ImJyaWdpZGFfZ29uemFsZXNfMTUzNSIsIlJvbCI6IkEiLCJpYXQiOjE3NTE5NTc3ODAsImV4cCI6MTc1MTk3NTc4MH0.VXyQKGB3ugwhx_E5MJ4vhCQf3cZeXW5YXAKohd_Idhk
1 > Content-Type: application/json; charset=UTF-8
1 > Content-Length: 457
1 > Host: siasis-dev.vercel.app
1 > Connection: Keep-Alive
1 > User-Agent: Apache-HttpClient/4.5.14 (Java/17.0.12)
1 > Accept-Encoding: gzip,deflate
{
  "Nombres": "Daniel Enrique",
  "Apellidos": "Sanchez Gonzales",
  "token": "eyJhbGciOiJIUzI1NiIsInR5cCI6IkpXVCJ9.eyJJRF9Vc3VhcmlvIjoiMTU0MjA3NDUiLCJOb21icmVfVXN1YXJpbyI6ImRhbmllbF9zYW5jaGV6XzE1NDIiLCJSRFAwMl9JTlNUQU5DRSI6IlJEUDAyX0lOUzIiLCJSRFAwM19JTlNUQU5DRSI6IlJEUDAzX0lOUzQiLCJSb2wiOiJUIiwiaWF0IjoxNzUxOTU3NzgyLCJleHAiOjE3NTE5NzU3ODJ9.F88NzLMODztG3hHmPX_pzjNZu9cpBAPi8CDR06QX0ok",
  "Genero": "M",
  "Google_Drive_Foto_ID": "14aAaksU7TNE6kOiFsRt4m5y2LSvnat1b",
  "Rol": "T"
}


01:56:32.190 [pool-2-thread-2] DEBUG com.intuit.karate - response time in milliseconds: 583
1 < 200
1 < Cache-Control: public, max-age=0, must-revalidate
1 < Content-Type: application/json
1 < Date: Tue, 08 Jul 2025 06:56:22 GMT
1 < Server: Vercel
1 < Strict-Transport-Security: max-age=63072000; includeSubDomains; preload
1 < Vary: RSC, Next-Router-State-Tree, Next-Router-Prefetch, Next-Router-Segment-Prefetch
1 < X-Matched-Path: /api/asistencia-hoy/marcar
1 < X-Vercel-Cache: MISS
1 < X-Vercel-Id: gru1::iad1::zpjsk-1751957782405-106bbd5fa949
1 < Transfer-Encoding: chunked
{
  "success": true,
  "message": "La asistencia ya había sido registrada anteriormente",
  "data": {
    "timestamp": 1751957782513,
    "desfaseSegundos": 3590,
    "esNuevoRegistro": false,
    "esRegistroPropio": false,
    "actorRegistrado": "A",
    "tipoAsistencia": "personal"
  }
}


01:56:32.194 [pool-2-thread-2] DEBUG c.intuit.karate.core.ScenarioEngine - over-writing existing variable 'loginFeature' with new value: 'classpath:resources/features/login/CasoTutorSecundaria.feature'
01:56:32.203 [pool-2-thread-2] DEBUG c.intuit.karate.core.ScenarioEngine - over-writing existing variable 'loginResponse' with new value: call read(loginFeature)
01:56:32.209 [pool-2-thread-2] DEBUG com.intuit.karate - request:
1 > POST https://api01-siasis-dev.vercel.app/api/login/profesor-tutor-secundaria
1 > Cookie: Apellidos=Gonzales%20Morales; Google_Drive_Foto_ID=12CrZ2Z8qd2FGzo0UeOURh3turASgkZ-8; Nombres=Brigida; Genero=F; Rol=A; token=eyJhbGciOiJIUzI1NiIsInR5cCI6IkpXVCJ9.eyJJRF9Vc3VhcmlvIjoiMTUzNTcyNzgiLCJSRFAwMl9JTlNUQU5DRSI6IlJEUDAyX0lOUzMiLCJSRFAwM19JTlNUQU5DRSI6IlJEUDAzX0lOUzUiLCJOb21icmVfVXN1YXJpbyI6ImJyaWdpZGFfZ29uemFsZXNfMTUzNSIsIlJvbCI6IkEiLCJpYXQiOjE3NTE5NTc3ODEsImV4cCI6MTc1MTk3NTc4MX0.4bt6Gv9oyyiEX29tMLhn9qd16VJxHFnVrc5OIPTEQuY
1 > Content-Type: application/json; charset=UTF-8
1 > Content-Length: 65
1 > Host: api01-siasis-dev.vercel.app
1 > Connection: Keep-Alive
1 > User-Agent: Apache-HttpClient/4.5.14 (Java/17.0.12)
1 > Accept-Encoding: gzip,deflate
{
  "Nombre_Usuario": "daniel_sanchez_1542",
  "Contraseña": "15420745"
}


01:56:32.420 [pool-2-thread-3] DEBUG com.intuit.karate - response time in milliseconds: 738
1 < 200
1 < Cache-Control: public, max-age=0, must-revalidate
1 < Content-Type: application/json
1 < Date: Tue, 08 Jul 2025 06:56:22 GMT
1 < Server: Vercel
1 < Strict-Transport-Security: max-age=63072000; includeSubDomains; preload
1 < Vary: RSC, Next-Router-State-Tree, Next-Router-Prefetch, Next-Router-Segment-Prefetch
1 < X-Matched-Path: /api/asistencia-hoy/marcar
1 < X-Vercel-Cache: MISS
1 < X-Vercel-Id: gru1::iad1::zdj87-1751957782489-80e4277c3431
1 < Transfer-Encoding: chunked
{
  "success": true,
  "message": "La asistencia ya había sido registrada anteriormente",
  "data": {
    "timestamp": 1751957782604,
    "desfaseSegundos": 3590,
    "esNuevoRegistro": false,
    "esRegistroPropio": false,
    "actorRegistrado": "A",
    "tipoAsistencia": "personal"
  }
}


01:56:32.426 [pool-2-thread-3] DEBUG c.intuit.karate.core.ScenarioEngine - over-writing existing variable 'loginFeature' with new value: 'classpath:resources/features/login/CasoTutorSecundaria.feature'
01:56:32.432 [pool-2-thread-3] DEBUG c.intuit.karate.core.ScenarioEngine - over-writing existing variable 'loginResponse' with new value: call read(loginFeature)
01:56:32.441 [pool-2-thread-3] DEBUG com.intuit.karate - request:
1 > POST https://api01-siasis-dev.vercel.app/api/login/profesor-tutor-secundaria
1 > Cookie: Apellidos=Gonzales%20Morales; Google_Drive_Foto_ID=12CrZ2Z8qd2FGzo0UeOURh3turASgkZ-8; Nombres=Brigida; Genero=F; Rol=A; token=eyJhbGciOiJIUzI1NiIsInR5cCI6IkpXVCJ9.eyJJRF9Vc3VhcmlvIjoiMTUzNTcyNzgiLCJSRFAwMl9JTlNUQU5DRSI6IlJEUDAyX0lOUzIiLCJSRFAwM19JTlNUQU5DRSI6IlJEUDAzX0lOUzIiLCJOb21icmVfVXN1YXJpbyI6ImJyaWdpZGFfZ29uemFsZXNfMTUzNSIsIlJvbCI6IkEiLCJpYXQiOjE3NTE5NTc3ODEsImV4cCI6MTc1MTk3NTc4MX0.QynInCs7gXrj_LnR5-7aQzF_WxeKnkuRd_bPQWyQ2fM
1 > Content-Type: application/json; charset=UTF-8
1 > Content-Length: 65
1 > Host: api01-siasis-dev.vercel.app
1 > Connection: Keep-Alive
1 > User-Agent: Apache-HttpClient/4.5.14 (Java/17.0.12)
1 > Accept-Encoding: gzip,deflate
{
  "Nombre_Usuario": "daniel_sanchez_1542",
  "Contraseña": "15420745"
}


01:56:32.458 [pool-2-thread-4] DEBUG com.intuit.karate - response time in milliseconds: 577
1 < 200
1 < Cache-Control: public, max-age=0, must-revalidate
1 < Content-Type: application/json
1 < Date: Tue, 08 Jul 2025 06:56:22 GMT
1 < Server: Vercel
1 < Strict-Transport-Security: max-age=63072000; includeSubDomains; preload
1 < Vary: RSC, Next-Router-State-Tree, Next-Router-Prefetch, Next-Router-Segment-Prefetch
1 < X-Matched-Path: /api/asistencia-hoy/marcar
1 < X-Vercel-Cache: MISS
1 < X-Vercel-Id: gru1::iad1::kr4zd-1751957782678-046f1b9e921a
1 < Transfer-Encoding: chunked
{
  "success": true,
  "message": "La asistencia ya había sido registrada anteriormente",
  "data": {
    "timestamp": 1751957782783,
    "desfaseSegundos": 3590,
    "esNuevoRegistro": false,
    "esRegistroPropio": false,
    "actorRegistrado": "A",
    "tipoAsistencia": "personal"
  }
}


01:56:32.463 [pool-2-thread-4] DEBUG c.intuit.karate.core.ScenarioEngine - over-writing existing variable 'loginFeature' with new value: 'classpath:resources/features/login/CasoTutorSecundaria.feature'
01:56:32.469 [pool-2-thread-4] DEBUG c.intuit.karate.core.ScenarioEngine - over-writing existing variable 'loginResponse' with new value: call read(loginFeature)
01:56:32.474 [pool-2-thread-4] DEBUG com.intuit.karate - request:
1 > POST https://api01-siasis-dev.vercel.app/api/login/profesor-tutor-secundaria
1 > Cookie: Apellidos=Gonzales%20Morales; Google_Drive_Foto_ID=12CrZ2Z8qd2FGzo0UeOURh3turASgkZ-8; Nombres=Brigida; Genero=F; Rol=A; token=eyJhbGciOiJIUzI1NiIsInR5cCI6IkpXVCJ9.eyJJRF9Vc3VhcmlvIjoiMTUzNTcyNzgiLCJSRFAwMl9JTlNUQU5DRSI6IlJEUDAyX0lOUzIiLCJSRFAwM19JTlNUQU5DRSI6IlJEUDAzX0lOUzEiLCJOb21icmVfVXN1YXJpbyI6ImJyaWdpZGFfZ29uemFsZXNfMTUzNSIsIlJvbCI6IkEiLCJpYXQiOjE3NTE5NTc3ODEsImV4cCI6MTc1MTk3NTc4MX0.fASpI_MqNHp2RweWL5Z4aTipf0YpR_DIbVO-gfmr4jo
1 > Content-Type: application/json; charset=UTF-8
1 > Content-Length: 65
1 > Host: api01-siasis-dev.vercel.app
1 > Connection: Keep-Alive
1 > User-Agent: Apache-HttpClient/4.5.14 (Java/17.0.12)
1 > Accept-Encoding: gzip,deflate
{
  "Nombre_Usuario": "daniel_sanchez_1542",
  "Contraseña": "15420745"
}


01:56:32.523 [pool-2-thread-5] DEBUG com.intuit.karate - response time in milliseconds: 424
1 < 201
1 < Cache-Control: public, max-age=0, must-revalidate
1 < Content-Length: 0
1 < Date: Tue, 08 Jul 2025 06:56:22 GMT
1 < Server: Vercel
1 < Set-Cookie: Nombres=Daniel%20Enrique; Max-Age=18000; Path=/; HttpOnly; Secure; SameSite=Lax
1 < Set-Cookie: Apellidos=Sanchez%20Gonzales; Max-Age=18000; Path=/; HttpOnly; Secure; SameSite=Lax
1 < Set-Cookie: Rol=T; Max-Age=18000; Path=/; HttpOnly; Secure; SameSite=Lax
1 < Set-Cookie: token=eyJhbGciOiJIUzI1NiIsInR5cCI6IkpXVCJ9.eyJJRF9Vc3VhcmlvIjoiMTU0MjA3NDUiLCJOb21icmVfVXN1YXJpbyI6ImRhbmllbF9zYW5jaGV6XzE1NDIiLCJSRFAwMl9JTlNUQU5DRSI6IlJEUDAyX0lOUzIiLCJSRFAwM19JTlNUQU5DRSI6IlJEUDAzX0lOUzQiLCJSb2wiOiJUIiwiaWF0IjoxNzUxOTU3NzgyLCJleHAiOjE3NTE5NzU3ODJ9.F88NzLMODztG3hHmPX_pzjNZu9cpBAPi8CDR06QX0ok; Max-Age=18000; Path=/; HttpOnly; Secure; SameSite=Lax
1 < Set-Cookie: Genero=M; Max-Age=18000; Path=/; HttpOnly; Secure; SameSite=Lax
1 < Set-Cookie: Google_Drive_Foto_ID=14aAaksU7TNE6kOiFsRt4m5y2LSvnat1b; Max-Age=18000; Path=/; HttpOnly; Secure; SameSite=Lax
1 < Strict-Transport-Security: max-age=63072000; includeSubDomains; preload
1 < Vary: RSC, Next-Router-State-Tree, Next-Router-Prefetch, Next-Router-Segment-Prefetch
1 < X-Matched-Path: /api/auth/login
1 < X-Vercel-Cache: MISS
1 < X-Vercel-Id: gru1::iad1::hxpww-1751957782895-aa4145e8650f


01:56:32.524 [pool-2-thread-5] DEBUG c.intuit.karate.core.ScenarioEngine - over-writing existing variable 'fechaHoraEsperadaISO' with new value: getAdjustedTime()
01:56:32.528 [pool-2-thread-5] DEBUG com.intuit.karate - request:
1 > POST https://siasis-dev.vercel.app/api/asistencia-hoy/marcar
1 > Cookie: Apellidos=Sanchez%20Gonzales; Google_Drive_Foto_ID=14aAaksU7TNE6kOiFsRt4m5y2LSvnat1b; Nombres=Daniel%20Enrique; Genero=M; Rol=T; token=eyJhbGciOiJIUzI1NiIsInR5cCI6IkpXVCJ9.eyJJRF9Vc3VhcmlvIjoiMTU0MjA3NDUiLCJOb21icmVfVXN1YXJpbyI6ImRhbmllbF9zYW5jaGV6XzE1NDIiLCJSRFAwMl9JTlNUQU5DRSI6IlJEUDAyX0lOUzIiLCJSRFAwM19JTlNUQU5DRSI6IlJEUDAzX0lOUzQiLCJSb2wiOiJUIiwiaWF0IjoxNzUxOTU3NzgyLCJleHAiOjE3NTE5NzU3ODJ9.F88NzLMODztG3hHmPX_pzjNZu9cpBAPi8CDR06QX0ok
1 > Content-Type: application/json; charset=UTF-8
1 > Content-Length: 70
1 > Host: siasis-dev.vercel.app
1 > Connection: Keep-Alive
1 > User-Agent: Apache-HttpClient/4.5.14 (Java/17.0.12)
1 > Accept-Encoding: gzip,deflate
{
  "ModoRegistro": "E",
  "FechaHoraEsperadaISO": "2025-07-08T05:56:32.525Z"
}


01:56:32.722 [pool-2-thread-1] DEBUG com.intuit.karate - response time in milliseconds: 656
1 < 200
1 < Access-Control-Allow-Origin: *
1 < Cache-Control: public, max-age=0, must-revalidate
1 < Content-Length: 519
1 < Content-Type: application/json; charset=utf-8
1 < Date: Tue, 08 Jul 2025 06:56:23 GMT
1 < Etag: W/"207-OynOeq8nCKphf8ALF/YexeUHR10"
1 < Server: Vercel
1 < Strict-Transport-Security: max-age=63072000; includeSubDomains; preload
1 < X-Powered-By: Express
1 < X-Vercel-Cache: MISS
1 < X-Vercel-Id: gru1::iad1::zh6qw-1751957782862-46a3d1138d0b
{
  "success": true,
  "message": "Inicio de sesión exitoso",
  "data": {
    "Apellidos": "Sanchez Gonzales",
    "Nombres": "Daniel Enrique",
    "Rol": "T",
    "token": "eyJhbGciOiJIUzI1NiIsInR5cCI6IkpXVCJ9.eyJJRF9Vc3VhcmlvIjoiMTU0MjA3NDUiLCJOb21icmVfVXN1YXJpbyI6ImRhbmllbF9zYW5jaGV6XzE1NDIiLCJSRFAwMl9JTlNUQU5DRSI6IlJEUDAyX0lOUzIiLCJSRFAwM19JTlNUQU5DRSI6IlJEUDAzX0lOUzUiLCJSb2wiOiJUIiwiaWF0IjoxNzUxOTU3NzgzLCJleHAiOjE3NTE5NzU3ODN9.HjfYiAtbQm5nnMDaxcyHRIgHSco4glkwNKKo4BzEhSQ",
[...]
1 > POST https://api01-siasis-dev.vercel.app/api/login/personal-administrativo
1 > Content-Type: application/json; charset=UTF-8
1 > Content-Length: 63
1 > Host: api01-siasis-dev.vercel.app
1 > Connection: Keep-Alive
1 > User-Agent: Apache-HttpClient/4.5.14 (Java/17.0.12)
1 > Accept-Encoding: gzip,deflate
{
  "Nombre_Usuario": "jose_centeno_4180",
  "Contraseña": "41809910"
}


01:57:15.573 [pool-2-thread-3] DEBUG com.intuit.karate - response time in milliseconds: 601
1 < 200
1 < Access-Control-Allow-Origin: *
1 < Cache-Control: public, max-age=0, must-revalidate
1 < Content-Length: 522
1 < Content-Type: application/json; charset=utf-8
1 < Date: Tue, 08 Jul 2025 06:57:06 GMT
1 < Etag: W/"20a-b05g7+POeEHDBkmr9D6L+rg8opw"
1 < Server: Vercel
1 < Strict-Transport-Security: max-age=63072000; includeSubDomains; preload
1 < X-Powered-By: Express
1 < X-Vercel-Cache: MISS
1 < X-Vercel-Id: gru1::iad1::bdvft-1751957825843-c4cf06b30691
{
  "success": true,
  "message": "Inicio de sesión exitoso",
  "data": {
    "Apellidos": "Godoy Villarubia",
    "Nombres": "Marisol Ceferina",
    "Rol": "PP",
    "token": "eyJhbGciOiJIUzI1NiIsInR5cCI6IkpXVCJ9.eyJJRF9Vc3VhcmlvIjoiMTUzNzgzMTciLCJOb21icmVfVXN1YXJpbyI6Im1hcmlzb2xfZ29kb3lfMTUzNyIsIlJEUDAyX0lOU1RBTkNFIjoiUkRQMDJfSU5TMSIsIlJEUDAzX0lOU1RBTkNFIjoiUkRQMDNfSU5TMiIsIlJvbCI6IlBQIiwiaWF0IjoxNzUxOTU3ODI2LCJleHAiOjE3NTE5NzU4MjZ9.1kKdIMIavzXm6gB5lbqhl7rThvHFKT1AOwTZsK8pp9M",
    "Google_Drive_Foto_ID": "1p8FC3py693IjnMTa4uINq5lVSb9P3LBc",
    "Genero": "F"
  }
}


01:57:15.578 [pool-2-thread-3] INFO  com.intuit.karate - [print] eyJhbGciOiJIUzI1NiIsInR5cCI6IkpXVCJ9.eyJJRF9Vc3VhcmlvIjoiMTUzNzgzMTciLCJOb21icmVfVXN1YXJpbyI6Im1hcmlzb2xfZ29kb3lfMTUzNyIsIlJEUDAyX0lOU1RBTkNFIjoiUkRQMDJfSU5TMSIsIlJEUDAzX0lOU1RBTkNFIjoiUkRQMDNfSU5TMiIsIlJvbCI6IlBQIiwiaWF0IjoxNzUxOTU3ODI2LCJleHAiOjE3NTE5NzU4MjZ9.1kKdIMIavzXm6gB5lbqhl7rThvHFKT1AOwTZsK8pp9M 
01:57:15.578 [pool-2-thread-3] INFO  com.intuit.karate - [print] PP 
01:57:15.578 [pool-2-thread-3] DEBUG com.intuit.karate - request:
1 > POST https://siasis-dev.vercel.app/api/auth/login
1 > Content-Type: application/json; charset=UTF-8
1 > Content-Length: 460
1 > Host: siasis-dev.vercel.app
1 > Connection: Keep-Alive
1 > User-Agent: Apache-HttpClient/4.5.14 (Java/17.0.12)
1 > Accept-Encoding: gzip,deflate
{
  "Nombres": "Marisol Ceferina",
  "Apellidos": "Godoy Villarubia",
  "token": "eyJhbGciOiJIUzI1NiIsInR5cCI6IkpXVCJ9.eyJJRF9Vc3VhcmlvIjoiMTUzNzgzMTciLCJOb21icmVfVXN1YXJpbyI6Im1hcmlzb2xfZ29kb3lfMTUzNyIsIlJEUDAyX0lOU1RBTkNFIjoiUkRQMDJfSU5TMSIsIlJEUDAzX0lOU1RBTkNFIjoiUkRQMDNfSU5TMiIsIlJvbCI6IlBQIiwiaWF0IjoxNzUxOTU3ODI2LCJleHAiOjE3NTE5NzU4MjZ9.1kKdIMIavzXm6gB5lbqhl7rThvHFKT1AOwTZsK8pp9M",
  "Genero": "F",
  "Google_Drive_Foto_ID": "1p8FC3py693IjnMTa4uINq5lVSb9P3LBc",
  "Rol": "PP"
}


01:57:16.028 [pool-2-thread-1] DEBUG com.intuit.karate - response time in milliseconds: 500
1 < 201
1 < Cache-Control: public, max-age=0, must-revalidate
1 < Content-Length: 0
1 < Date: Tue, 08 Jul 2025 06:57:06 GMT
1 < Server: Vercel
1 < Set-Cookie: Nombres=David%20Julian; Max-Age=18000; Path=/; HttpOnly; Secure; SameSite=Lax
1 < Set-Cookie: Apellidos=Apolinario%20Quispe; Max-Age=18000; Path=/; HttpOnly; Secure; SameSite=Lax
1 < Set-Cookie: Rol=PS; Max-Age=18000; Path=/; HttpOnly; Secure; SameSite=Lax
1 < Set-Cookie: token=eyJhbGciOiJIUzI1NiIsInR5cCI6IkpXVCJ9.eyJJRF9Vc3VhcmlvIjoiMTUzNzEwMjgiLCJOb21icmVfVXN1YXJpbyI6ImRhdmlkX2Fwb2xpbmFyaW9fMTUzNyIsIlJEUDAyX0lOU1RBTkNFIjoiUkRQMDJfSU5TMiIsIlJEUDAzX0lOU1RBTkNFIjoiUkRQMDNfSU5TNCIsIlJvbCI6IlBTIiwiaWF0IjoxNzUxOTU3ODI1LCJleHAiOjE3NTE5NzU4MjV9.eZb0qsXNFxxaCbrOObeNqreLyv8VdIzzC1KS0vSv1VY; Max-Age=18000; Path=/; HttpOnly; Secure; SameSite=Lax
1 < Set-Cookie: Genero=M; Max-Age=18000; Path=/; HttpOnly; Secure; SameSite=Lax
1 < Set-Cookie: Google_Drive_Foto_ID=1Kvyn3lWOxzuURkPFBSGCPHmTshBUXAZg; Max-Age=18000; Path=/; HttpOnly; Secure; SameSite=Lax
1 < Strict-Transport-Security: max-age=63072000; includeSubDomains; preload
1 < Vary: RSC, Next-Router-State-Tree, Next-Router-Prefetch, Next-Router-Segment-Prefetch
1 < X-Matched-Path: /api/auth/login
1 < X-Vercel-Cache: MISS
1 < X-Vercel-Id: gru1::iad1::bsmv9-1751957826334-01cd8dcf4d89


01:57:16.028 [pool-2-thread-4] DEBUG com.intuit.karate - response time in milliseconds: 500
1 < 201
1 < Cache-Control: public, max-age=0, must-revalidate
1 < Content-Length: 0
1 < Date: Tue, 08 Jul 2025 06:57:06 GMT
1 < Server: Vercel
1 < Set-Cookie: Nombres=Daniel%20Enrique; Max-Age=18000; Path=/; HttpOnly; Secure; SameSite=Lax
1 < Set-Cookie: Apellidos=Sanchez%20Gonzales; Max-Age=18000; Path=/; HttpOnly; Secure; SameSite=Lax
1 < Set-Cookie: Rol=T; Max-Age=18000; Path=/; HttpOnly; Secure; SameSite=Lax
1 < Set-Cookie: token=eyJhbGciOiJIUzI1NiIsInR5cCI6IkpXVCJ9.eyJJRF9Vc3VhcmlvIjoiMTU0MjA3NDUiLCJOb21icmVfVXN1YXJpbyI6ImRhbmllbF9zYW5jaGV6XzE1NDIiLCJSRFAwMl9JTlNUQU5DRSI6IlJEUDAyX0lOUzMiLCJSRFAwM19JTlNUQU5DRSI6IlJEUDAzX0lOUzQiLCJSb2wiOiJUIiwiaWF0IjoxNzUxOTU3ODI1LCJleHAiOjE3NTE5NzU4MjV9.c-3LxOxMxpuov1SiIkcZKYpIAPNd32fGG5DITowHV_Y; Max-Age=18000; Path=/; HttpOnly; Secure; SameSite=Lax
1 < Set-Cookie: Genero=M; Max-Age=18000; Path=/; HttpOnly; Secure; SameSite=Lax
1 < Set-Cookie: Google_Drive_Foto_ID=11vFEZVR5o-6mSwWCCy4L6tRuzVilr0i9; Max-Age=18000; Path=/; HttpOnly; Secure; SameSite=Lax
1 < Strict-Transport-Security: max-age=63072000; includeSubDomains; preload
1 < Vary: RSC, Next-Router-State-Tree, Next-Router-Prefetch, Next-Router-Segment-Prefetch
1 < X-Matched-Path: /api/auth/login
1 < X-Vercel-Cache: MISS
1 < X-Vercel-Id: gru1::iad1::hxpww-1751957826336-570a4912193c


01:57:16.028 [pool-2-thread-3] DEBUG com.intuit.karate - response time in milliseconds: 450
1 < 201
1 < Cache-Control: public, max-age=0, must-revalidate
1 < Content-Length: 0
1 < Date: Tue, 08 Jul 2025 06:57:06 GMT
1 < Server: Vercel
1 < Set-Cookie: Nombres=Marisol%20Ceferina; Max-Age=18000; Path=/; HttpOnly; Secure; SameSite=Lax
1 < Set-Cookie: Apellidos=Godoy%20Villarubia; Max-Age=18000; Path=/; HttpOnly; Secure; SameSite=Lax
1 < Set-Cookie: Rol=PP; Max-Age=18000; Path=/; HttpOnly; Secure; SameSite=Lax
1 < Set-Cookie: token=eyJhbGciOiJIUzI1NiIsInR5cCI6IkpXVCJ9.eyJJRF9Vc3VhcmlvIjoiMTUzNzgzMTciLCJOb21icmVfVXN1YXJpbyI6Im1hcmlzb2xfZ29kb3lfMTUzNyIsIlJEUDAyX0lOU1RBTkNFIjoiUkRQMDJfSU5TMSIsIlJEUDAzX0lOU1RBTkNFIjoiUkRQMDNfSU5TMiIsIlJvbCI6IlBQIiwiaWF0IjoxNzUxOTU3ODI2LCJleHAiOjE3NTE5NzU4MjZ9.1kKdIMIavzXm6gB5lbqhl7rThvHFKT1AOwTZsK8pp9M; Max-Age=18000; Path=/; HttpOnly; Secure; SameSite=Lax
1 < Set-Cookie: Genero=F; Max-Age=18000; Path=/; HttpOnly; Secure; SameSite=Lax
1 < Set-Cookie: Google_Drive_Foto_ID=1p8FC3py693IjnMTa4uINq5lVSb9P3LBc; Max-Age=18000; Path=/; HttpOnly; Secure; SameSite=Lax
1 < Strict-Transport-Security: max-age=63072000; includeSubDomains; preload
1 < Vary: RSC, Next-Router-State-Tree, Next-Router-Prefetch, Next-Router-Segment-Prefetch
1 < X-Matched-Path: /api/auth/login
1 < X-Vercel-Cache: MISS
1 < X-Vercel-Id: gru1::iad1::cmdlq-1751957826378-b5ba430ae20c


01:57:16.088 [pool-2-thread-2] DEBUG com.intuit.karate - response time in milliseconds: 546
1 < 200
1 < Access-Control-Allow-Origin: *
1 < Cache-Control: public, max-age=0, must-revalidate
1 < Content-Length: 505
1 < Content-Type: application/json; charset=utf-8
1 < Date: Tue, 08 Jul 2025 06:57:06 GMT
1 < Etag: W/"1f9-KvzD46to8+T2ZogWSKD5RyldE/g"
1 < Server: Vercel
1 < Strict-Transport-Security: max-age=63072000; includeSubDomains; preload
1 < X-Powered-By: Express
1 < X-Vercel-Cache: MISS
1 < X-Vercel-Id: gru1::iad1::lrpdm-1751957826336-f355cbc4d513
{
  "success": true,
  "message": "Inicio de sesión exitoso",
  "data": {
    "Apellidos": "Centeno Diaz",
    "Nombres": "Jose",
    "Rol": "PA",
    "token": "eyJhbGciOiJIUzI1NiIsInR5cCI6IkpXVCJ9.eyJJRF9Vc3VhcmlvIjoiNDE4MDk5MTAiLCJOb21icmVfVXN1YXJpbyI6Impvc2VfY2VudGVub180MTgwIiwiUkRQMDJfSU5TVEFOQ0UiOiJSRFAwMl9JTlMxIiwiUkRQMDNfSU5TVEFOQ0UiOiJSRFAwM19JTlM1IiwiUm9sIjoiUEEiLCJpYXQiOjE3NTE5NTc4MjYsImV4cCI6MTc1MTk3NTgyNn0.5hzoAgActHdJfo4bpO8v7RLbegcuJ798rlfHNiqpZEs",
    "Google_Drive_Foto_ID": "1sU6Vjh0xUDJ3oT2Za_t41Q1QqUte2bHy",
    "Genero": "M"
  }
}


01:57:16.091 [pool-2-thread-2] INFO  com.intuit.karate - [print] eyJhbGciOiJIUzI1NiIsInR5cCI6IkpXVCJ9.eyJJRF9Vc3VhcmlvIjoiNDE4MDk5MTAiLCJOb21icmVfVXN1YXJpbyI6Impvc2VfY2VudGVub180MTgwIiwiUkRQMDJfSU5TVEFOQ0UiOiJSRFAwMl9JTlMxIiwiUkRQMDNfSU5TVEFOQ0UiOiJSRFAwM19JTlM1IiwiUm9sIjoiUEEiLCJpYXQiOjE3NTE5NTc4MjYsImV4cCI6MTc1MTk3NTgyNn0.5hzoAgActHdJfo4bpO8v7RLbegcuJ798rlfHNiqpZEs 
01:57:16.091 [pool-2-thread-2] INFO  com.intuit.karate - [print] PA 
01:57:16.093 [pool-2-thread-2] DEBUG com.intuit.karate - request:
1 > POST https://siasis-dev.vercel.app/api/auth/login
1 > Content-Type: application/json; charset=UTF-8
1 > Content-Length: 443
1 > Host: siasis-dev.vercel.app
1 > Connection: Keep-Alive
1 > User-Agent: Apache-HttpClient/4.5.14 (Java/17.0.12)
1 > Accept-Encoding: gzip,deflate
{
  "Nombres": "Jose",
  "Apellidos": "Centeno Diaz",
  "token": "eyJhbGciOiJIUzI1NiIsInR5cCI6IkpXVCJ9.eyJJRF9Vc3VhcmlvIjoiNDE4MDk5MTAiLCJOb21icmVfVXN1YXJpbyI6Impvc2VfY2VudGVub180MTgwIiwiUkRQMDJfSU5TVEFOQ0UiOiJSRFAwMl9JTlMxIiwiUkRQMDNfSU5TVEFOQ0UiOiJSRFAwM19JTlM1IiwiUm9sIjoiUEEiLCJpYXQiOjE3NTE5NTc4MjYsImV4cCI6MTc1MTk3NTgyNn0.5hzoAgActHdJfo4bpO8v7RLbegcuJ798rlfHNiqpZEs",
  "Genero": "M",
  "Google_Drive_Foto_ID": "1sU6Vjh0xUDJ3oT2Za_t41Q1QqUte2bHy",
  "Rol": "PA"
}


01:57:16.158 [pool-2-thread-5] DEBUG com.intuit.karate - response time in milliseconds: 910
1 < 200
1 < Age: 0
1 < Cache-Control: public, max-age=0, must-revalidate
1 < Content-Type: application/json
1 < Date: Tue, 08 Jul 2025 06:57:06 GMT
1 < Server: Vercel
1 < Strict-Transport-Security: max-age=63072000; includeSubDomains; preload
1 < Vary: RSC, Next-Router-State-Tree, Next-Router-Prefetch, Next-Router-Segment-Prefetch
1 < X-Matched-Path: /api/asistencia-hoy/consultar-asistencias-tomadas
1 < X-Vercel-Cache: MISS
1 < X-Vercel-Id: gru1::iad1::9l8f7-1751957826146-0e8c26a91016
1 < Transfer-Encoding: chunked
{
  "Actor": "PA",
  "Dia": 8,
  "Mes": 7,
  "ModoRegistro": "E",
  "TipoAsistencia": "personal",
  "Resultados": [
    {
      "ID_o_DNI": "41809910",
      "AsistenciaMarcada": true,
      "Detalles": {
        "Timestamp": 1751952320275,
        "DesfaseSegundos": 3590
      }
    }
  ]
}


01:57:16.511 [pool-2-thread-2] DEBUG com.intuit.karate - response time in milliseconds: 417
1 < 201
1 < Cache-Control: public, max-age=0, must-revalidate
1 < Content-Length: 0
1 < Date: Tue, 08 Jul 2025 06:57:06 GMT
1 < Server: Vercel
1 < Set-Cookie: Nombres=Jose; Max-Age=18000; Path=/; HttpOnly; Secure; SameSite=Lax
1 < Set-Cookie: Apellidos=Centeno%20Diaz; Max-Age=18000; Path=/; HttpOnly; Secure; SameSite=Lax
1 < Set-Cookie: Rol=PA; Max-Age=18000; Path=/; HttpOnly; Secure; SameSite=Lax
1 < Set-Cookie: token=eyJhbGciOiJIUzI1NiIsInR5cCI6IkpXVCJ9.eyJJRF9Vc3VhcmlvIjoiNDE4MDk5MTAiLCJOb21icmVfVXN1YXJpbyI6Impvc2VfY2VudGVub180MTgwIiwiUkRQMDJfSU5TVEFOQ0UiOiJSRFAwMl9JTlMxIiwiUkRQMDNfSU5TVEFOQ0UiOiJSRFAwM19JTlM1IiwiUm9sIjoiUEEiLCJpYXQiOjE3NTE5NTc4MjYsImV4cCI6MTc1MTk3NTgyNn0.5hzoAgActHdJfo4bpO8v7RLbegcuJ798rlfHNiqpZEs; Max-Age=18000; Path=/; HttpOnly; Secure; SameSite=Lax
1 < Set-Cookie: Genero=M; Max-Age=18000; Path=/; HttpOnly; Secure; SameSite=Lax
1 < Set-Cookie: Google_Drive_Foto_ID=1sU6Vjh0xUDJ3oT2Za_t41Q1QqUte2bHy; Max-Age=18000; Path=/; HttpOnly; Secure; SameSite=Lax
1 < Strict-Transport-Security: max-age=63072000; includeSubDomains; preload
1 < Vary: RSC, Next-Router-State-Tree, Next-Router-Prefetch, Next-Router-Segment-Prefetch
1 < X-Matched-Path: /api/auth/login
1 < X-Vercel-Cache: MISS
1 < X-Vercel-Id: gru1::iad1::kr4zd-1751957826887-6be3bcbff9cd


---------------------------------------------------------
feature: classpath:resources/features/AsistenciaHoy/ConsultarAsistencias/PorRoles/ObtenerAsistenciaRol.feature
scenarios:  5 | passed:  5 | failed:  0 | time: 60.5460
---------------------------------------------------------

01:57:16.840 [pool-3-thread-1] INFO  com.intuit.karate.Suite - <<pass>> feature 3 of 20 (17 remaining) classpath:resources/features/AsistenciaHoy/ConsultarAsistencias/PorRoles/ObtenerAsistenciaRol.feature
---------------------------------------------------------
feature: classpath:resources/features/AsistenciaHoy/MarcarAsistenciaDNI/AsistenciaPropia/MarcarAsistencia.feature
scenarios:  6 | passed:  6 | failed:  0 | time: 10.7976
---------------------------------------------------------

01:57:16.956 [pool-3-thread-1] INFO  com.intuit.karate.Suite - <<pass>> feature 4 of 20 (16 remaining) classpath:resources/features/AsistenciaHoy/MarcarAsistenciaDNI/AsistenciaPropia/MarcarAsistencia.feature
---------------------------------------------------------
feature: classpath:resources/features/AsistenciaHoy/MarcarAsistenciaDNI/DNIespecifico/Personal/Auxiliar.feature
scenarios:  1 | passed:  1 | failed:  0 | time: 1.6269
---------------------------------------------------------

01:57:17.026 [pool-3-thread-1] INFO  com.intuit.karate.Suite - <<pass>> feature 5 of 20 (15 remaining) classpath:resources/features/AsistenciaHoy/MarcarAsistenciaDNI/DNIespecifico/Personal/Auxiliar.feature
---------------------------------------------------------
feature: classpath:resources/features/AsistenciaHoy/MarcarAsistenciaDNI/DNIespecifico/Personal/Directivo.feature
scenarios:  1 | passed:  1 | failed:  0 | time: 1.9318
---------------------------------------------------------

01:57:17.078 [pool-3-thread-1] INFO  com.intuit.karate.Suite - <<pass>> feature 6 of 20 (14 remaining) classpath:resources/features/AsistenciaHoy/MarcarAsistenciaDNI/DNIespecifico/Personal/Directivo.feature
---------------------------------------------------------
feature: classpath:resources/features/AsistenciaHoy/MarcarAsistenciaDNI/DNIespecifico/Personal/PersonalAdmin.feature
scenarios:  1 | passed:  1 | failed:  0 | time: 1.5973
---------------------------------------------------------

01:57:17.120 [pool-3-thread-1] INFO  com.intuit.karate.Suite - <<pass>> feature 7 of 20 (13 remaining) classpath:resources/features/AsistenciaHoy/MarcarAsistenciaDNI/DNIespecifico/Personal/PersonalAdmin.feature
---------------------------------------------------------
feature: classpath:resources/features/AsistenciaHoy/MarcarAsistenciaDNI/DNIespecifico/Personal/ProfesorPrimaria.feature
scenarios:  1 | passed:  1 | failed:  0 | time: 1.5708
---------------------------------------------------------

01:57:17.166 [pool-3-thread-1] INFO  com.intuit.karate.Suite - <<pass>> feature 8 of 20 (12 remaining) classpath:resources/features/AsistenciaHoy/MarcarAsistenciaDNI/DNIespecifico/Personal/ProfesorPrimaria.feature
---------------------------------------------------------
feature: classpath:resources/features/AsistenciaHoy/MarcarAsistenciaDNI/DNIespecifico/Personal/ProfesorSecundariaTutor.feature
scenarios:  1 | passed:  1 | failed:  0 | time: 1.6137
---------------------------------------------------------

01:57:17.214 [pool-3-thread-1] INFO  com.intuit.karate.Suite - <<pass>> feature 9 of 20 (11 remaining) classpath:resources/features/AsistenciaHoy/MarcarAsistenciaDNI/DNIespecifico/Personal/ProfesorSecundariaTutor.feature
---------------------------------------------------------
feature: classpath:resources/features/AsistenciaHoy/MarcarAsistenciaDNI/DNIespecifico/Primaria/MarcarEstudiante.feature
scenarios:  1 | passed:  1 | failed:  0 | time: 1.5515
---------------------------------------------------------

01:57:17.273 [pool-3-thread-1] INFO  com.intuit.karate.Suite - <<pass>> feature 10 of 20 (10 remaining) classpath:resources/features/AsistenciaHoy/MarcarAsistenciaDNI/DNIespecifico/Primaria/MarcarEstudiante.feature
---------------------------------------------------------
feature: classpath:resources/features/AsistenciaHoy/MarcarAsistenciaDNI/DNIespecifico/Secundaria/MarcarEstudiantes.feature
scenarios:  1 | passed:  1 | failed:  0 | time: 1.5499
---------------------------------------------------------

01:57:17.299 [pool-3-thread-1] INFO  com.intuit.karate.Suite - <<pass>> feature 11 of 20 (9 remaining) classpath:resources/features/AsistenciaHoy/MarcarAsistenciaDNI/DNIespecifico/Secundaria/MarcarEstudiantes.feature
---------------------------------------------------------
feature: classpath:resources/features/DatosAsistenciaHoy/DatosAsistenciaHoy.feature
scenarios:  5 | passed:  5 | failed:  0 | time: 7.9828
---------------------------------------------------------

01:57:17.383 [pool-3-thread-1] INFO  com.intuit.karate.Suite - <<pass>> feature 12 of 20 (8 remaining) classpath:resources/features/DatosAsistenciaHoy/DatosAsistenciaHoy.feature
---------------------------------------------------------
feature: classpath:resources/features/login/Auxiliar.feature
scenarios:  1 | passed:  1 | failed:  0 | time: 0.5377
---------------------------------------------------------

01:57:17.407 [pool-3-thread-1] INFO  com.intuit.karate.Suite - <<pass>> feature 13 of 20 (7 remaining) classpath:resources/features/login/Auxiliar.feature
---------------------------------------------------------
feature: classpath:resources/features/login/CasoNoTutor.feature
scenarios:  1 | passed:  1 | failed:  0 | time: 0.6694
---------------------------------------------------------

01:57:17.442 [pool-3-thread-1] INFO  com.intuit.karate.Suite - <<pass>> feature 14 of 20 (6 remaining) classpath:resources/features/login/CasoNoTutor.feature
---------------------------------------------------------
feature: classpath:resources/features/login/CasoTutorSecundaria.feature
scenarios:  1 | passed:  1 | failed:  0 | time: 1.8821
---------------------------------------------------------

01:57:17.465 [pool-3-thread-1] INFO  com.intuit.karate.Suite - <<pass>> feature 15 of 20 (5 remaining) classpath:resources/features/login/CasoTutorSecundaria.feature
---------------------------------------------------------
feature: classpath:resources/features/login/Directivo.feature
scenarios:  1 | passed:  1 | failed:  0 | time: 1.3076
---------------------------------------------------------

01:57:17.483 [pool-3-thread-1] INFO  com.intuit.karate.Suite - <<pass>> feature 16 of 20 (4 remaining) classpath:resources/features/login/Directivo.feature
---------------------------------------------------------
feature: classpath:resources/features/login/PersonalAdmin.feature
scenarios:  1 | passed:  1 | failed:  0 | time: 0.9238
---------------------------------------------------------

01:57:17.503 [pool-3-thread-1] INFO  com.intuit.karate.Suite - <<pass>> feature 17 of 20 (3 remaining) classpath:resources/features/login/PersonalAdmin.feature
---------------------------------------------------------
feature: classpath:resources/features/login/ProfesorPrimaria.feature
scenarios:  1 | passed:  1 | failed:  0 | time: 1.0029
---------------------------------------------------------

01:57:17.519 [pool-3-thread-1] INFO  com.intuit.karate.Suite - <<pass>> feature 18 of 20 (2 remaining) classpath:resources/features/login/ProfesorPrimaria.feature
---------------------------------------------------------
feature: classpath:resources/features/SetCookies/SetCookies.feature
scenarios:  5 | passed:  5 | failed:  0 | time: 5.7231
---------------------------------------------------------

01:57:17.599 [pool-3-thread-1] INFO  com.intuit.karate.Suite - <<pass>> feature 20 of 20 (0 remaining) classpath:resources/features/SetCookies/SetCookies.feature
Karate version: 1.4.1 | env: desa
======================================================
elapsed:  55.04 | threads:    5 | thread time: 254.45 
features:    19 | skipped:    1 | efficiency: 0.92
scenarios:   45 | passed:    45 | failed: 0
======================================================

HTML report: (paste into browser to view) | Karate version: 1.4.1 | env: desa
file:///C:/Users/USER/Documents/framework-Karate/myproject-Karate-Cookies/target/karate-reports/karate-summary.html
===================================================================

]]></system-out>
  </testcase>
</testsuite>